TN:
SF:app/constants.js
FNF:0
FNH:0
DA:12,1
DA:13,1
DA:14,1
DA:15,1
DA:18,1
DA:19,1
DA:22,1
DA:25,1
DA:28,1
DA:29,1
DA:30,1
DA:33,1
DA:34,1
DA:37,1
DA:38,1
DA:41,1
DA:42,1
DA:45,1
DA:46,1
DA:49,1
DA:52,1
DA:71,1
DA:92,1
DA:94,1
DA:96,1
DA:100,1
DA:104,1
DA:109,1
DA:111,1
DA:123,1
DA:128,1
DA:133,1
DA:138,1
DA:143,1
DA:148,1
DA:154,1
DA:165,1
DA:171,1
DA:173,1
DA:197,1
DA:198,1
DA:208,1
DA:209,1
DA:210,1
DA:211,1
DA:212,1
DA:213,1
DA:214,1
DA:216,1
DA:221,1
DA:226,1
DA:248,1
DA:254,1
DA:260,1
DA:266,1
DA:269,1
DA:275,1
DA:281,1
LF:58
LH:58
BRF:0
BRH:0
end_of_record
TN:
SF:app/request-processor.js
FN:57,(anonymous_0)
FN:96,(anonymous_1)
FNF:2
FNH:0
FNDA:0,(anonymous_0)
FNDA:0,(anonymous_1)
DA:57,0
DA:70,0
DA:83,0
DA:84,0
DA:85,0
DA:89,0
DA:93,0
DA:96,0
DA:101,0
DA:114,0
LF:10
LH:0
BRDA:83,0,0,0
BRDA:83,0,1,0
BRF:2
BRH:0
end_of_record
TN:
SF:app/assets/js/active-data.js
FN:14,(anonymous_0)
FN:27,(anonymous_1)
FN:34,(anonymous_2)
FN:45,(anonymous_3)
FN:59,(anonymous_4)
FN:62,(anonymous_5)
FN:72,getCookieValue
FN:88,trim
FN:93,setCookieValue
FN:104,urlencode
FN:105,(anonymous_10)
FN:150,getAnalyticsCookieValue
FN:151,(anonymous_12)
FN:158,(anonymous_13)
FN:195,(anonymous_14)
FN:204,isDebugEnabled
FN:205,(anonymous_16)
FN:212,Map
FN:216,(anonymous_18)
FN:221,(anonymous_19)
FN:233,(anonymous_20)
FN:241,(anonymous_21)
FN:252,(anonymous_22)
FN:257,(anonymous_23)
FN:281,applyFields
FN:291,(anonymous_25)
FN:314,(anonymous_26)
FN:337,(anonymous_27)
FN:360,(anonymous_28)
FN:378,submitCollectedData
FN:394,escapeProperties
FN:417,captureObject
FN:438,captureAndSend
FN:470,(anonymous_33)
FN:477,(anonymous_34)
FN:485,setSiteCurrency
FN:490,onDocumentReady
FN:500,(anonymous_37)
FN:510,(anonymous_38)
FN:523,(anonymous_39)
FN:534,(anonymous_40)
FN:554,isDefined
FN:566,Tracker
FN:610,setCookie
FN:634,getCookie
FN:646,getImage
FN:647,(anonymous_46)
FN:651,(anonymous_47)
FN:661,detectBrowserPlugins
FN:691,getReferrer
FN:714,hasCookies
FN:727,logPageView
FN:768,(anonymous_52)
FN:774,(anonymous_53)
FN:783,appendToRequest
FN:788,lengthOfTuple
FN:792,constructDataSet
FN:841,addProducts
FN:900,createUrls
FN:1038,extractCookieValueAndRemoveCookie
FN:1047,extractEncodedCookieValue
FN:1064,process_anact_cookie
FN:1120,(anonymous_62)
FNF:63
FNH:0
FNDA:0,(anonymous_0)
FNDA:0,(anonymous_1)
FNDA:0,(anonymous_2)
FNDA:0,(anonymous_3)
FNDA:0,(anonymous_4)
FNDA:0,(anonymous_5)
FNDA:0,getCookieValue
FNDA:0,trim
FNDA:0,setCookieValue
FNDA:0,urlencode
FNDA:0,(anonymous_10)
FNDA:0,getAnalyticsCookieValue
FNDA:0,(anonymous_12)
FNDA:0,(anonymous_13)
FNDA:0,(anonymous_14)
FNDA:0,isDebugEnabled
FNDA:0,(anonymous_16)
FNDA:0,Map
FNDA:0,(anonymous_18)
FNDA:0,(anonymous_19)
FNDA:0,(anonymous_20)
FNDA:0,(anonymous_21)
FNDA:0,(anonymous_22)
FNDA:0,(anonymous_23)
FNDA:0,applyFields
FNDA:0,(anonymous_25)
FNDA:0,(anonymous_26)
FNDA:0,(anonymous_27)
FNDA:0,(anonymous_28)
FNDA:0,submitCollectedData
FNDA:0,escapeProperties
FNDA:0,captureObject
FNDA:0,captureAndSend
FNDA:0,(anonymous_33)
FNDA:0,(anonymous_34)
FNDA:0,setSiteCurrency
FNDA:0,onDocumentReady
FNDA:0,(anonymous_37)
FNDA:0,(anonymous_38)
FNDA:0,(anonymous_39)
FNDA:0,(anonymous_40)
FNDA:0,isDefined
FNDA:0,Tracker
FNDA:0,setCookie
FNDA:0,getCookie
FNDA:0,getImage
FNDA:0,(anonymous_46)
FNDA:0,(anonymous_47)
FNDA:0,detectBrowserPlugins
FNDA:0,getReferrer
FNDA:0,hasCookies
FNDA:0,logPageView
FNDA:0,(anonymous_52)
FNDA:0,(anonymous_53)
FNDA:0,appendToRequest
FNDA:0,lengthOfTuple
FNDA:0,constructDataSet
FNDA:0,addProducts
FNDA:0,createUrls
FNDA:0,extractCookieValueAndRemoveCookie
FNDA:0,extractEncodedCookieValue
FNDA:0,process_anact_cookie
FNDA:0,(anonymous_62)
DA:14,0
DA:18,0
DA:28,0
DA:29,0
DA:30,0
DA:32,0
DA:35,0
DA:37,0
DA:38,0
DA:46,0
DA:50,0
DA:52,0
DA:56,0
DA:60,0
DA:63,0
DA:73,0
DA:74,0
DA:75,0
DA:76,0
DA:77,0
DA:78,0
DA:79,0
DA:84,0
DA:89,0
DA:94,0
DA:95,0
DA:96,0
DA:97,0
DA:98,0
DA:100,0
DA:105,0
DA:106,0
DA:108,0
DA:110,0
DA:114,0
DA:115,0
DA:116,0
DA:117,0
DA:126,0
DA:127,0
DA:128,0
DA:129,0
DA:130,0
DA:131,0
DA:132,0
DA:133,0
DA:134,0
DA:135,0
DA:136,0
DA:137,0
DA:138,0
DA:139,0
DA:140,0
DA:141,0
DA:142,0
DA:146,0
DA:151,0
DA:152,0
DA:154,0
DA:158,0
DA:159,0
DA:160,0
DA:165,0
DA:166,0
DA:167,0
DA:179,0
DA:181,0
DA:195,0
DA:196,0
DA:197,0
DA:200,0
DA:205,0
DA:206,0
DA:208,0
DA:213,0
DA:216,0
DA:217,0
DA:221,0
DA:222,0
DA:223,0
DA:224,0
DA:225,0
DA:229,0
DA:233,0
DA:234,0
DA:235,0
DA:236,0
DA:241,0
DA:242,0
DA:243,0
DA:244,0
DA:248,0
DA:252,0
DA:253,0
DA:257,0
DA:258,0
DA:263,0
DA:266,0
DA:269,0
DA:272,0
DA:275,0
DA:278,0
DA:282,0
DA:283,0
DA:284,0
DA:287,0
DA:291,0
DA:292,0
DA:293,0
DA:296,0
DA:299,0
DA:300,0
DA:304,0
DA:305,0
DA:306,0
DA:309,0
DA:310,0
DA:314,0
DA:315,0
DA:316,0
DA:319,0
DA:322,0
DA:323,0
DA:327,0
DA:328,0
DA:329,0
DA:332,0
DA:333,0
DA:337,0
DA:338,0
DA:339,0
DA:342,0
DA:345,0
DA:346,0
DA:350,0
DA:351,0
DA:352,0
DA:355,0
DA:356,0
DA:360,0
DA:361,0
DA:362,0
DA:369,0
DA:370,0
DA:371,0
DA:372,0
DA:373,0
DA:381,0
DA:382,0
DA:385,0
DA:386,0
DA:389,0
DA:395,0
DA:396,0
DA:399,0
DA:400,0
DA:401,0
DA:402,0
DA:403,0
DA:404,0
DA:405,0
DA:409,0
DA:412,0
DA:418,0
DA:419,0
DA:422,0
DA:423,0
DA:426,0
DA:427,0
DA:430,0
DA:431,0
DA:434,0
DA:439,0
DA:440,0
DA:444,0
DA:445,0
DA:446,0
DA:447,0
DA:450,0
DA:451,0
DA:453,0
DA:459,0
DA:460,0
DA:465,0
DA:468,0
DA:470,0
DA:471,0
DA:472,0
DA:473,0
DA:474,0
DA:477,0
DA:478,0
DA:479,0
DA:481,0
DA:485,0
DA:486,0
DA:490,0
DA:492,0
DA:494,0
DA:499,0
DA:500,0
DA:501,0
DA:502,0
DA:505,0
DA:507,0
DA:509,0
DA:510,0
DA:512,0
DA:513,0
DA:514,0
DA:518,0
DA:521,0
DA:524,0
DA:530,0
DA:531,0
DA:534,0
DA:539,0
DA:542,0
DA:543,0
DA:544,0
DA:545,0
DA:555,0
DA:572,0
DA:576,0
DA:578,0
DA:581,0
DA:600,0
DA:605,0
DA:613,0
DA:615,0
DA:617,0
DA:620,0
DA:635,0
DA:636,0
DA:638,0
DA:647,0
DA:648,0
DA:649,0
DA:651,0
DA:652,0
DA:655,0
DA:666,0
DA:670,0
DA:674,0
DA:675,0
DA:678,0
DA:679,0
DA:680,0
DA:681,0
DA:682,0
DA:692,0
DA:693,0
DA:694,0
DA:696,0
DA:697,0
DA:698,0
DA:700,0
DA:704,0
DA:705,0
DA:708,0
DA:715,0
DA:716,0
DA:717,0
DA:718,0
DA:721,0
DA:728,0
DA:730,0
DA:732,0
DA:733,0
DA:734,0
DA:735,0
DA:737,0
DA:740,0
DA:741,0
DA:751,0
DA:752,0
DA:753,0
DA:755,0
DA:756,0
DA:764,0
DA:769,0
DA:779,0
DA:784,0
DA:785,0
DA:789,0
DA:798,0
DA:821,0
DA:822,0
DA:825,0
DA:826,0
DA:827,0
DA:828,0
DA:830,0
DA:831,0
DA:832,0
DA:835,0
DA:838,0
DA:846,0
DA:847,0
DA:848,0
DA:849,0
DA:850,0
DA:851,0
DA:852,0
DA:853,0
DA:854,0
DA:855,0
DA:856,0
DA:857,0
DA:858,0
DA:859,0
DA:860,0
DA:861,0
DA:862,0
DA:863,0
DA:867,0
DA:868,0
DA:869,0
DA:870,0
DA:871,0
DA:872,0
DA:875,0
DA:876,0
DA:877,0
DA:879,0
DA:880,0
DA:881,0
DA:882,0
DA:883,0
DA:886,0
DA:887,0
DA:888,0
DA:889,0
DA:890,0
DA:893,0
DA:894,0
DA:895,0
DA:896,0
DA:901,0
DA:902,0
DA:903,0
DA:907,0
DA:915,0
DA:918,0
DA:922,0
DA:925,0
DA:926,0
DA:927,0
DA:931,0
DA:935,0
DA:939,0
DA:943,0
DA:947,0
DA:948,0
DA:949,0
DA:953,0
DA:954,0
DA:958,0
DA:959,0
DA:966,0
DA:967,0
DA:974,0
DA:975,0
DA:979,0
DA:980,0
DA:984,0
DA:985,0
DA:992,0
DA:993,0
DA:997,0
DA:998,0
DA:1002,0
DA:1003,0
DA:1011,0
DA:1016,0
DA:1019,0
DA:1030,0
DA:1033,0
DA:1034,0
DA:1039,0
DA:1040,0
DA:1041,0
DA:1044,0
DA:1048,0
DA:1065,0
DA:1066,0
DA:1067,0
DA:1068,0
DA:1070,0
DA:1071,0
DA:1074,0
DA:1075,0
DA:1076,0
DA:1077,0
DA:1082,0
DA:1083,0
DA:1084,0
DA:1085,0
DA:1086,0
DA:1087,0
DA:1088,0
DA:1089,0
DA:1090,0
DA:1091,0
DA:1092,0
DA:1093,0
DA:1094,0
DA:1095,0
DA:1096,0
DA:1097,0
DA:1098,0
DA:1099,0
DA:1116,0
DA:1121,0
LF:414
LH:0
BRDA:28,0,0,0
BRDA:28,0,1,0
BRDA:37,1,0,0
BRDA:37,1,1,0
BRDA:46,2,0,0
BRDA:46,2,1,0
BRDA:47,3,0,0
BRDA:47,3,1,0
BRDA:52,4,0,0
BRDA:52,4,1,0
BRDA:53,5,0,0
BRDA:53,5,1,0
BRDA:76,6,0,0
BRDA:76,6,1,0
BRDA:78,7,0,0
BRDA:78,7,1,0
BRDA:95,8,0,0
BRDA:95,8,1,0
BRDA:106,9,0,0
BRDA:106,9,1,0
BRDA:117,10,0,0
BRDA:117,10,1,0
BRDA:118,11,0,0
BRDA:118,11,1,0
BRDA:118,11,2,0
BRDA:118,11,3,0
BRDA:118,11,4,0
BRDA:118,11,5,0
BRDA:118,11,6,0
BRDA:118,11,7,0
BRDA:118,11,8,0
BRDA:118,11,9,0
BRDA:127,12,0,0
BRDA:127,12,1,0
BRDA:129,13,0,0
BRDA:129,13,1,0
BRDA:131,14,0,0
BRDA:131,14,1,0
BRDA:131,15,0,0
BRDA:131,15,1,0
BRDA:134,16,0,0
BRDA:134,16,1,0
BRDA:134,17,0,0
BRDA:134,17,1,0
BRDA:138,18,0,0
BRDA:138,18,1,0
BRDA:152,19,0,0
BRDA:152,19,1,0
BRDA:159,20,0,0
BRDA:159,20,1,0
BRDA:166,21,0,0
BRDA:166,21,1,0
BRDA:196,22,0,0
BRDA:196,22,1,0
BRDA:223,23,0,0
BRDA:223,23,1,0
BRDA:243,24,0,0
BRDA:243,24,1,0
BRDA:283,25,0,0
BRDA:283,25,1,0
BRDA:292,26,0,0
BRDA:292,26,1,0
BRDA:299,27,0,0
BRDA:299,27,1,0
BRDA:305,28,0,0
BRDA:305,28,1,0
BRDA:315,29,0,0
BRDA:315,29,1,0
BRDA:322,30,0,0
BRDA:322,30,1,0
BRDA:328,31,0,0
BRDA:328,31,1,0
BRDA:338,32,0,0
BRDA:338,32,1,0
BRDA:345,33,0,0
BRDA:345,33,1,0
BRDA:351,34,0,0
BRDA:351,34,1,0
BRDA:361,35,0,0
BRDA:361,35,1,0
BRDA:381,36,0,0
BRDA:381,36,1,0
BRDA:385,37,0,0
BRDA:385,37,1,0
BRDA:395,38,0,0
BRDA:395,38,1,0
BRDA:402,39,0,0
BRDA:402,39,1,0
BRDA:404,40,0,0
BRDA:404,40,1,0
BRDA:404,41,0,0
BRDA:404,41,1,0
BRDA:409,42,0,0
BRDA:409,42,1,0
BRDA:418,43,0,0
BRDA:418,43,1,0
BRDA:422,44,0,0
BRDA:422,44,1,0
BRDA:422,45,0,0
BRDA:422,45,1,0
BRDA:426,46,0,0
BRDA:426,46,1,0
BRDA:430,47,0,0
BRDA:430,47,1,0
BRDA:439,48,0,0
BRDA:439,48,1,0
BRDA:444,49,0,0
BRDA:444,49,1,0
BRDA:445,50,0,0
BRDA:445,50,1,0
BRDA:450,51,0,0
BRDA:450,51,1,0
BRDA:459,52,0,0
BRDA:459,52,1,0
BRDA:478,53,0,0
BRDA:478,53,1,0
BRDA:492,54,0,0
BRDA:492,54,1,0
BRDA:499,55,0,0
BRDA:499,55,1,0
BRDA:509,56,0,0
BRDA:509,56,1,0
BRDA:512,57,0,0
BRDA:512,57,1,0
BRDA:530,58,0,0
BRDA:530,58,1,0
BRDA:572,59,0,0
BRDA:572,59,1,0
BRDA:600,60,0,0
BRDA:600,60,1,0
BRDA:605,61,0,0
BRDA:605,61,1,0
BRDA:613,62,0,0
BRDA:613,62,1,0
BRDA:624,63,0,0
BRDA:624,63,1,0
BRDA:626,64,0,0
BRDA:626,64,1,0
BRDA:627,65,0,0
BRDA:627,65,1,0
BRDA:628,66,0,0
BRDA:628,66,1,0
BRDA:638,67,0,0
BRDA:638,67,1,0
BRDA:666,68,0,0
BRDA:666,68,1,0
BRDA:667,69,0,0
BRDA:667,69,1,0
BRDA:674,70,0,0
BRDA:674,70,1,0
BRDA:678,71,0,0
BRDA:678,71,1,0
BRDA:678,72,0,0
BRDA:678,72,1,0
BRDA:681,73,0,0
BRDA:681,73,1,0
BRDA:681,74,0,0
BRDA:681,74,1,0
BRDA:696,75,0,0
BRDA:696,75,1,0
BRDA:704,76,0,0
BRDA:704,76,1,0
BRDA:716,77,0,0
BRDA:716,77,1,0
BRDA:718,78,0,0
BRDA:718,78,1,0
BRDA:721,79,0,0
BRDA:721,79,1,0
BRDA:732,80,0,0
BRDA:732,80,1,0
BRDA:732,81,0,0
BRDA:732,81,1,0
BRDA:784,82,0,0
BRDA:784,82,1,0
BRDA:802,83,0,0
BRDA:802,83,1,0
BRDA:813,84,0,0
BRDA:813,84,1,0
BRDA:813,85,0,0
BRDA:813,85,1,0
BRDA:825,86,0,0
BRDA:825,86,1,0
BRDA:825,87,0,0
BRDA:825,87,1,0
BRDA:831,88,0,0
BRDA:831,88,1,0
BRDA:849,89,0,0
BRDA:849,89,1,0
BRDA:850,90,0,0
BRDA:850,90,1,0
BRDA:852,91,0,0
BRDA:852,91,1,0
BRDA:854,92,0,0
BRDA:854,92,1,0
BRDA:856,93,0,0
BRDA:856,93,1,0
BRDA:858,94,0,0
BRDA:858,94,1,0
BRDA:860,95,0,0
BRDA:860,95,1,0
BRDA:862,96,0,0
BRDA:862,96,1,0
BRDA:867,97,0,0
BRDA:867,97,1,0
BRDA:869,98,0,0
BRDA:869,98,1,0
BRDA:871,99,0,0
BRDA:871,99,1,0
BRDA:907,100,0,0
BRDA:907,100,1,0
BRDA:909,101,0,0
BRDA:909,101,1,0
BRDA:910,102,0,0
BRDA:910,102,1,0
BRDA:915,103,0,0
BRDA:915,103,1,0
BRDA:918,104,0,0
BRDA:918,104,1,0
BRDA:919,105,0,0
BRDA:919,105,1,0
BRDA:926,106,0,0
BRDA:926,106,1,0
BRDA:926,107,0,0
BRDA:926,107,1,0
BRDA:947,108,0,0
BRDA:947,108,1,0
BRDA:948,109,0,0
BRDA:948,109,1,0
BRDA:953,110,0,0
BRDA:953,110,1,0
BRDA:958,111,0,0
BRDA:958,111,1,0
BRDA:966,112,0,0
BRDA:966,112,1,0
BRDA:974,113,0,0
BRDA:974,113,1,0
BRDA:979,114,0,0
BRDA:979,114,1,0
BRDA:984,115,0,0
BRDA:984,115,1,0
BRDA:992,116,0,0
BRDA:992,116,1,0
BRDA:997,117,0,0
BRDA:997,117,1,0
BRDA:1002,118,0,0
BRDA:1002,118,1,0
BRDA:1019,119,0,0
BRDA:1019,119,1,0
BRDA:1020,120,0,0
BRDA:1020,120,1,0
BRDA:1020,120,2,0
BRDA:1020,120,3,0
BRDA:1040,121,0,0
BRDA:1040,121,1,0
BRDA:1049,122,0,0
BRDA:1049,122,1,0
BRDA:1065,123,0,0
BRDA:1065,123,1,0
BRDA:1067,124,0,0
BRDA:1067,124,1,0
BRDA:1067,125,0,0
BRDA:1067,125,1,0
BRDA:1070,126,0,0
BRDA:1070,126,1,0
BRDA:1070,127,0,0
BRDA:1070,127,1,0
BRDA:1071,128,0,0
BRDA:1071,128,1,0
BRDA:1075,129,0,0
BRDA:1075,129,1,0
BRDA:1076,130,0,0
BRDA:1076,130,1,0
BRDA:1077,131,0,0
BRDA:1077,131,1,0
BRDA:1078,132,0,0
BRDA:1078,132,1,0
BRDA:1078,132,2,0
BRDA:1096,133,0,0
BRDA:1096,133,1,0
BRDA:1096,134,0,0
BRDA:1096,134,1,0
BRDA:1098,135,0,0
BRDA:1098,135,1,0
BRDA:1126,136,0,0
BRDA:1126,136,1,0
BRF:285
BRH:0
end_of_record
TN:
SF:app/components/_app/index.jsx
FN:101,(anonymous_0)
FN:108,(anonymous_1)
FN:115,(anonymous_2)
FN:125,(anonymous_3)
FN:132,(anonymous_4)
FN:142,(anonymous_5)
FN:170,(anonymous_6)
FN:178,(anonymous_7)
FN:204,(anonymous_8)
FN:231,(anonymous_9)
FN:241,(anonymous_10)
FN:245,(anonymous_11)
FN:262,(anonymous_12)
FN:264,(anonymous_13)
FN:272,(anonymous_14)
FN:278,(anonymous_15)
FN:288,(anonymous_16)
FN:296,(anonymous_17)
FN:302,(anonymous_18)
FN:310,(anonymous_19)
FN:314,(anonymous_20)
FN:318,(anonymous_21)
FN:327,(anonymous_22)
FN:366,(anonymous_23)
FNF:24
FNH:0
FNDA:0,(anonymous_0)
FNDA:0,(anonymous_1)
FNDA:0,(anonymous_2)
FNDA:0,(anonymous_3)
FNDA:0,(anonymous_4)
FNDA:0,(anonymous_5)
FNDA:0,(anonymous_6)
FNDA:0,(anonymous_7)
FNDA:0,(anonymous_8)
FNDA:0,(anonymous_9)
FNDA:0,(anonymous_10)
FNDA:0,(anonymous_11)
FNDA:0,(anonymous_12)
FNDA:0,(anonymous_13)
FNDA:0,(anonymous_14)
FNDA:0,(anonymous_15)
FNDA:0,(anonymous_16)
FNDA:0,(anonymous_17)
FNDA:0,(anonymous_18)
FNDA:0,(anonymous_19)
FNDA:0,(anonymous_20)
FNDA:0,(anonymous_21)
FNDA:0,(anonymous_22)
FNDA:0,(anonymous_23)
DA:96,0
DA:101,0
DA:102,0
DA:107,0
DA:109,0
DA:115,0
DA:124,0
DA:126,0
DA:132,0
DA:142,0
DA:143,0
DA:144,0
DA:147,0
DA:148,0
DA:149,0
DA:150,0
DA:151,0
DA:152,0
DA:153,0
DA:154,0
DA:155,0
DA:156,0
DA:161,0
DA:162,0
DA:163,0
DA:165,0
DA:166,0
DA:167,0
DA:170,0
DA:171,0
DA:172,0
DA:173,0
DA:174,0
DA:177,0
DA:190,0
DA:197,0
DA:202,0
DA:205,0
DA:208,0
DA:210,0
DA:216,0
DA:218,0
DA:220,0
DA:224,0
DA:225,0
DA:226,0
DA:228,0
DA:229,0
DA:231,0
DA:233,0
DA:234,0
DA:241,0
DA:242,0
DA:245,0
DA:247,0
DA:253,0
DA:262,0
DA:264,0
DA:265,0
DA:270,0
DA:272,0
DA:275,0
DA:278,0
DA:280,0
DA:282,0
DA:285,0
DA:288,0
DA:289,0
DA:290,0
DA:293,0
DA:296,0
DA:298,0
DA:299,0
DA:302,0
DA:304,0
DA:305,0
DA:308,0
DA:310,0
DA:311,0
DA:314,0
DA:315,0
DA:318,0
DA:319,0
DA:323,0
DA:328,0
DA:331,0
DA:333,0
DA:336,0
DA:342,0
DA:344,0
DA:367,0
DA:499,0
LF:92
LH:0
BRDA:147,0,0,0
BRDA:147,0,1,0
BRDA:162,1,0,0
BRDA:162,1,1,0
BRDA:171,2,0,0
BRDA:171,2,1,0
BRDA:172,3,0,0
BRDA:172,3,1,0
BRDA:173,4,0,0
BRDA:173,4,1,0
BRDA:190,5,0,0
BRDA:190,5,1,0
BRDA:205,6,0,0
BRDA:205,6,1,0
BRDA:220,7,0,0
BRDA:220,7,1,0
BRDA:233,8,0,0
BRDA:233,8,1,0
BRDA:233,9,0,0
BRDA:233,9,1,0
BRDA:247,10,0,0
BRDA:247,10,1,0
BRDA:248,11,0,0
BRDA:248,11,1,0
BRDA:248,11,2,0
BRDA:248,11,3,0
BRDA:328,12,0,0
BRDA:328,12,1,0
BRDA:333,13,0,0
BRDA:333,13,1,0
BRDA:384,14,0,0
BRDA:384,14,1,0
BRDA:395,15,0,0
BRDA:395,15,1,0
BRDA:403,16,0,0
BRDA:403,16,1,0
BRDA:450,17,0,0
BRDA:450,17,1,0
BRDA:484,18,0,0
BRDA:484,18,1,0
BRF:40
BRH:0
end_of_record
TN:
SF:app/components/_app-config/index.jsx
FN:56,(anonymous_0)
FN:117,(anonymous_1)
FN:139,(anonymous_2)
FN:141,(anonymous_3)
FNF:4
FNH:0
FNDA:0,(anonymous_0)
FNDA:0,(anonymous_1)
FNDA:0,(anonymous_2)
FNDA:0,(anonymous_3)
DA:46,0
DA:56,0
DA:57,0
DA:58,0
DA:63,0
DA:65,0
DA:67,0
DA:71,0
DA:82,0
DA:83,0
DA:84,0
DA:86,0
DA:117,0
DA:119,0
DA:122,0
DA:123,0
DA:125,0
DA:126,0
DA:131,0
DA:133,0
DA:134,0
DA:135,0
DA:136,0
DA:139,0
DA:141,0
DA:142,0
DA:149,0
DA:154,0
DA:159,0
LF:29
LH:0
BRDA:56,0,0,0
BRDA:117,1,0,0
BRDA:119,2,0,0
BRDA:119,2,1,0
BRDA:133,3,0,0
BRDA:133,3,1,0
BRDA:141,4,0,0
BRDA:166,5,0,0
BRDA:166,5,1,0
BRF:9
BRH:0
end_of_record
TN:
SF:app/components/_app/partials/above-header.jsx
FN:8,(anonymous_0)
FNF:1
FNH:0
FNDA:0,(anonymous_0)
DA:8,0
LF:1
LH:0
BRF:0
BRH:0
end_of_record
TN:
SF:app/components/_error/index.jsx
FN:31,(anonymous_0)
FN:58,(anonymous_1)
FN:116,(anonymous_2)
FNF:3
FNH:0
FNDA:0,(anonymous_0)
FNDA:0,(anonymous_1)
FNDA:0,(anonymous_2)
DA:31,0
DA:32,0
DA:34,0
DA:35,0
DA:59,0
DA:60,0
DA:116,0
DA:147,0
LF:8
LH:0
BRDA:60,0,0,0
BRDA:60,0,1,0
BRDA:89,1,0,0
BRDA:89,1,1,0
BRDA:121,2,0,0
BRDA:121,2,1,0
BRF:6
BRH:0
end_of_record
TN:
SF:app/components/action-card/index.jsx
FN:19,(anonymous_0)
FN:31,(anonymous_1)
FNF:2
FNH:0
FNDA:0,(anonymous_0)
FNDA:0,(anonymous_1)
DA:19,0
DA:29,0
DA:31,0
DA:32,0
DA:33,0
DA:34,0
DA:36,0
DA:40,0
DA:92,0
LF:9
LH:0
BRDA:50,0,0,0
BRDA:50,0,1,0
BRDA:56,1,0,0
BRDA:56,1,1,0
BRDA:70,2,0,0
BRDA:70,2,1,0
BRF:6
BRH:0
end_of_record
TN:
SF:app/components/address-display/index.jsx
FN:11,(anonymous_0)
FNF:1
FNH:0
FNDA:0,(anonymous_0)
DA:11,0
DA:12,0
DA:26,0
LF:3
LH:0
BRF:0
BRH:0
end_of_record
TN:
SF:app/components/address-suggestion-dropdown/index.jsx
FN:26,(anonymous_0)
FN:36,(anonymous_1)
FN:37,(anonymous_2)
FN:47,(anonymous_3)
FN:112,(anonymous_4)
FN:119,(anonymous_5)
FN:122,(anonymous_6)
FNF:7
FNH:0
FNDA:0,(anonymous_0)
FNDA:0,(anonymous_1)
FNDA:0,(anonymous_2)
FNDA:0,(anonymous_3)
FNDA:0,(anonymous_4)
FNDA:0,(anonymous_5)
FNDA:0,(anonymous_6)
DA:26,0
DA:34,0
DA:36,0
DA:37,0
DA:38,0
DA:39,0
DA:43,0
DA:44,0
DA:47,0
DA:48,0
DA:52,0
DA:53,0
DA:56,0
DA:57,0
DA:79,0
DA:113,0
DA:119,0
DA:123,0
DA:124,0
DA:152,0
LF:20
LH:0
BRDA:27,0,0,0
BRDA:28,1,0,0
BRDA:31,2,0,0
BRDA:32,3,0,0
BRDA:38,4,0,0
BRDA:38,4,1,0
BRDA:38,5,0,0
BRDA:38,5,1,0
BRDA:43,6,0,0
BRDA:43,6,1,0
BRDA:52,7,0,0
BRDA:52,7,1,0
BRDA:52,8,0,0
BRDA:52,8,1,0
BRDA:56,9,0,0
BRDA:56,9,1,0
BRDA:123,10,0,0
BRDA:123,10,1,0
BRDA:123,11,0,0
BRDA:123,11,1,0
BRDA:132,12,0,0
BRDA:132,12,1,0
BRF:22
BRH:0
end_of_record
TN:
SF:app/components/basic-tile/index.jsx
FN:26,(anonymous_0)
FNF:1
FNH:0
FNDA:0,(anonymous_0)
DA:26,0
DA:27,0
DA:28,0
DA:29,0
DA:60,0
DA:62,0
LF:6
LH:0
BRF:0
BRH:0
end_of_record
TN:
SF:app/components/bonus-product-view-modal/index.jsx
FN:40,(anonymous_0)
FN:49,(anonymous_1)
FN:75,(anonymous_2)
FN:83,(anonymous_3)
FN:98,(anonymous_4)
FN:102,(anonymous_5)
FN:103,(anonymous_6)
FN:104,(anonymous_7)
FN:109,(anonymous_8)
FN:121,(anonymous_9)
FN:143,(anonymous_10)
FN:147,(anonymous_11)
FN:194,(anonymous_12)
FN:225,(anonymous_13)
FN:229,(anonymous_14)
FN:236,(anonymous_15)
FN:254,(anonymous_16)
FN:263,(anonymous_17)
FN:317,(anonymous_18)
FN:320,(anonymous_19)
FN:321,(anonymous_20)
FN:331,(anonymous_21)
FN:338,(anonymous_22)
FN:340,(anonymous_23)
FN:343,(anonymous_24)
FN:352,(anonymous_25)
FNF:26
FNH:0
FNDA:0,(anonymous_0)
FNDA:0,(anonymous_1)
FNDA:0,(anonymous_2)
FNDA:0,(anonymous_3)
FNDA:0,(anonymous_4)
FNDA:0,(anonymous_5)
FNDA:0,(anonymous_6)
FNDA:0,(anonymous_7)
FNDA:0,(anonymous_8)
FNDA:0,(anonymous_9)
FNDA:0,(anonymous_10)
FNDA:0,(anonymous_11)
FNDA:0,(anonymous_12)
FNDA:0,(anonymous_13)
FNDA:0,(anonymous_14)
FNDA:0,(anonymous_15)
FNDA:0,(anonymous_16)
FNDA:0,(anonymous_17)
FNDA:0,(anonymous_18)
FNDA:0,(anonymous_19)
FNDA:0,(anonymous_20)
FNDA:0,(anonymous_21)
FNDA:0,(anonymous_22)
FNDA:0,(anonymous_23)
FNDA:0,(anonymous_24)
FNDA:0,(anonymous_25)
DA:40,1
DA:49,0
DA:50,0
DA:51,0
DA:52,0
DA:65,0
DA:67,0
DA:73,0
DA:75,0
DA:76,0
DA:77,0
DA:82,0
DA:83,0
DA:93,0
DA:94,0
DA:95,0
DA:98,0
DA:99,0
DA:101,0
DA:102,0
DA:103,0
DA:104,0
DA:109,0
DA:110,0
DA:113,0
DA:114,0
DA:115,0
DA:118,0
DA:120,0
DA:121,0
DA:142,0
DA:144,0
DA:147,0
DA:148,0
DA:150,0
DA:158,0
DA:159,0
DA:162,0
DA:165,0
DA:167,0
DA:177,0
DA:180,0
DA:185,0
DA:187,0
DA:189,0
DA:192,0
DA:194,0
DA:195,0
DA:198,0
DA:203,0
DA:205,0
DA:206,0
DA:225,0
DA:227,0
DA:229,0
DA:230,0
DA:235,0
DA:237,0
DA:253,0
DA:254,0
DA:263,0
DA:264,0
DA:267,0
DA:268,0
DA:272,0
DA:273,0
DA:294,0
DA:295,0
DA:317,0
DA:319,0
DA:320,0
DA:321,0
DA:324,0
DA:325,0
DA:328,0
DA:330,0
DA:332,0
DA:336,0
DA:340,0
DA:342,0
DA:343,0
DA:347,0
DA:352,0
DA:357,0
DA:377,0
DA:378,0
DA:379,0
DA:389,0
DA:398,0
DA:400,0
DA:495,1
LF:91
LH:2
BRDA:50,0,0,0
BRDA:50,0,1,0
BRDA:51,1,0,0
BRDA:51,1,1,0
BRDA:55,2,0,0
BRDA:55,2,1,0
BRDA:56,3,0,0
BRDA:56,3,1,0
BRDA:57,4,0,0
BRDA:57,4,1,0
BRDA:58,5,0,0
BRDA:58,5,1,0
BRDA:60,6,0,0
BRDA:60,6,1,0
BRDA:76,7,0,0
BRDA:76,7,1,0
BRDA:76,8,0,0
BRDA:76,8,1,0
BRDA:86,9,0,0
BRDA:86,9,1,0
BRDA:86,10,0,0
BRDA:86,10,1,0
BRDA:99,11,0,0
BRDA:99,11,1,0
BRDA:99,12,0,0
BRDA:99,12,1,0
BRDA:103,13,0,0
BRDA:103,13,1,0
BRDA:158,14,0,0
BRDA:158,14,1,0
BRDA:165,15,0,0
BRDA:165,15,1,0
BRDA:185,16,0,0
BRDA:185,16,1,0
BRDA:185,17,0,0
BRDA:185,17,1,0
BRDA:264,18,0,0
BRDA:264,18,1,0
BRDA:267,19,0,0
BRDA:267,19,1,0
BRDA:272,20,0,0
BRDA:272,20,1,0
BRDA:294,21,0,0
BRDA:294,21,1,0
BRDA:319,22,0,0
BRDA:319,22,1,0
BRDA:324,23,0,0
BRDA:324,23,1,0
BRDA:325,24,0,0
BRDA:325,24,1,0
BRDA:328,25,0,0
BRDA:328,25,1,0
BRDA:328,26,0,0
BRDA:328,26,1,0
BRDA:331,27,0,0
BRDA:331,27,1,0
BRDA:337,28,0,0
BRDA:337,28,1,0
BRDA:340,29,0,0
BRDA:340,29,1,0
BRDA:377,30,0,0
BRDA:377,30,1,0
BRDA:377,31,0,0
BRDA:377,31,1,0
BRDA:423,32,0,0
BRDA:423,32,1,0
BRDA:438,33,0,0
BRDA:438,33,1,0
BRDA:451,34,0,0
BRDA:451,34,1,0
BRDA:457,35,0,0
BRDA:457,35,1,0
BRDA:457,36,0,0
BRDA:457,36,1,0
BRDA:457,36,2,0
BRDA:479,37,0,0
BRDA:479,37,1,0
BRF:77
BRH:0
end_of_record
TN:
SF:app/components/bonus-product-view-modal/utils.js
FN:26,(anonymous_0)
FN:32,(anonymous_1)
FN:43,(anonymous_2)
FN:49,(anonymous_3)
FN:55,(anonymous_4)
FN:62,(anonymous_5)
FN:66,(anonymous_6)
FN:89,(anonymous_7)
FN:96,(anonymous_8)
FN:100,(anonymous_9)
FN:107,(anonymous_10)
FN:111,(anonymous_11)
FNF:12
FNH:0
FNDA:0,(anonymous_0)
FNDA:0,(anonymous_1)
FNDA:0,(anonymous_2)
FNDA:0,(anonymous_3)
FNDA:0,(anonymous_4)
FNDA:0,(anonymous_5)
FNDA:0,(anonymous_6)
FNDA:0,(anonymous_7)
FNDA:0,(anonymous_8)
FNDA:0,(anonymous_9)
FNDA:0,(anonymous_10)
FNDA:0,(anonymous_11)
DA:26,1
DA:32,0
DA:33,0
DA:34,0
DA:40,0
DA:42,0
DA:43,0
DA:46,0
DA:48,0
DA:49,0
DA:54,0
DA:55,0
DA:60,0
DA:63,0
DA:66,0
DA:68,0
DA:73,0
DA:77,0
DA:89,1
DA:90,0
DA:91,0
DA:95,0
DA:96,0
DA:100,0
DA:101,0
DA:105,0
DA:108,0
DA:111,0
DA:114,0
LF:29
LH:2
BRDA:33,0,0,0
BRDA:33,0,1,0
BRDA:33,1,0,0
BRDA:33,1,1,0
BRDA:40,2,0,0
BRDA:40,2,1,0
BRDA:40,3,0,0
BRDA:40,3,1,0
BRDA:46,4,0,0
BRDA:46,4,1,0
BRDA:49,5,0,0
BRDA:49,5,1,0
BRDA:60,6,0,0
BRDA:60,6,1,0
BRDA:63,7,0,0
BRDA:63,7,1,0
BRDA:66,8,0,0
BRDA:66,8,1,0
BRDA:90,9,0,0
BRDA:90,9,1,0
BRDA:95,10,0,0
BRDA:95,10,1,0
BRDA:101,11,0,0
BRDA:101,11,1,0
BRDA:105,12,0,0
BRDA:105,12,1,0
BRDA:108,13,0,0
BRDA:108,13,1,0
BRDA:111,14,0,0
BRDA:111,14,1,0
BRF:30
BRH:0
end_of_record
TN:
SF:app/components/breadcrumb/index.jsx
FN:32,(anonymous_0)
FN:43,(anonymous_1)
FNF:2
FNH:0
FNDA:0,(anonymous_0)
FNDA:0,(anonymous_1)
DA:32,1
DA:33,0
DA:34,0
DA:36,0
DA:44,0
DA:58,1
DA:60,1
LF:7
LH:3
BRF:0
BRH:0
end_of_record
TN:
SF:app/components/confirmation-modal/index.jsx
FN:24,(anonymous_0)
FN:36,(anonymous_1)
FN:41,(anonymous_2)
FNF:3
FNH:0
FNDA:0,(anonymous_0)
FNDA:0,(anonymous_1)
FNDA:0,(anonymous_2)
DA:24,0
DA:35,0
DA:36,0
DA:37,0
DA:38,0
DA:41,0
DA:42,0
DA:43,0
DA:46,0
DA:88,0
LF:10
LH:0
BRDA:25,0,0,0
BRDA:26,1,0,0
BRDA:28,2,0,0
BRDA:29,3,0,0
BRDA:30,4,0,0
BRDA:31,5,0,0
BRDA:32,6,0,0
BRDA:61,7,0,0
BRDA:61,7,1,0
BRDA:66,8,0,0
BRDA:66,8,1,0
BRDA:77,9,0,0
BRDA:77,9,1,0
BRF:13
BRH:0
end_of_record
TN:
SF:app/components/display-price/current-price.jsx
FN:24,(anonymous_0)
FNF:1
FNH:0
FNDA:0,(anonymous_0)
DA:24,1
DA:25,0
DA:26,0
DA:30,0
DA:70,1
LF:5
LH:2
BRDA:24,0,0,0
BRDA:32,1,0,0
BRDA:32,1,1,0
BRDA:59,2,0,0
BRDA:59,2,1,0
BRF:5
BRH:0
end_of_record
TN:
SF:app/components/display-price/index.jsx
FN:31,(anonymous_0)
FN:40,(anonymous_1)
FN:51,(anonymous_2)
FN:62,(anonymous_3)
FNF:4
FNH:0
FNDA:0,(anonymous_0)
FNDA:0,(anonymous_1)
FNDA:0,(anonymous_2)
FNDA:0,(anonymous_3)
DA:31,1
DA:39,0
DA:40,0
DA:41,0
DA:51,0
DA:52,0
DA:62,0
DA:63,0
DA:68,0
DA:69,0
DA:72,0
DA:73,0
DA:76,0
DA:79,1
LF:14
LH:2
BRDA:35,0,0,0
BRDA:36,1,0,0
BRDA:37,2,0,0
BRDA:52,3,0,0
BRDA:52,3,1,0
BRDA:64,4,0,0
BRDA:64,4,1,0
BRDA:68,5,0,0
BRDA:68,5,1,0
BRDA:72,6,0,0
BRDA:72,6,1,0
BRF:11
BRH:0
end_of_record
TN:
SF:app/components/display-price/list-price.jsx
FN:23,(anonymous_0)
FNF:1
FNH:0
FNDA:0,(anonymous_0)
DA:23,1
DA:24,0
DA:25,0
DA:30,0
DA:66,1
LF:5
LH:2
BRDA:23,0,0,0
BRDA:23,1,0,0
BRDA:32,2,0,0
BRDA:32,2,1,0
BRDA:37,3,0,0
BRDA:37,3,1,0
BRDA:48,4,0,0
BRDA:48,4,1,0
BRDA:59,5,0,0
BRDA:59,5,1,0
BRF:10
BRH:0
end_of_record
TN:
SF:app/components/display-price/messages.js
FNF:0
FNH:0
DA:10,1
LF:1
LH:1
BRF:0
BRH:0
end_of_record
TN:
SF:app/components/drawer-menu/drawer-menu.jsx
FN:73,(anonymous_0)
FN:88,(anonymous_1)
FN:109,(anonymous_2)
FN:116,(anonymous_3)
FN:121,(anonymous_4)
FN:166,(anonymous_5)
FN:207,(anonymous_6)
FN:210,(anonymous_7)
FN:316,(anonymous_8)
FN:337,(anonymous_9)
FNF:10
FNH:0
FNDA:0,(anonymous_0)
FNDA:0,(anonymous_1)
FNDA:0,(anonymous_2)
FNDA:0,(anonymous_3)
FNDA:0,(anonymous_4)
FNDA:0,(anonymous_5)
FNDA:0,(anonymous_6)
FNDA:0,(anonymous_7)
FNDA:0,(anonymous_8)
FNDA:0,(anonymous_9)
DA:68,0
DA:69,0
DA:70,0
DA:71,0
DA:73,0
DA:74,0
DA:80,0
DA:81,0
DA:88,0
DA:97,0
DA:98,0
DA:99,0
DA:100,0
DA:101,0
DA:102,0
DA:103,0
DA:104,0
DA:105,0
DA:106,0
DA:107,0
DA:108,0
DA:109,0
DA:110,0
DA:111,0
DA:112,0
DA:113,0
DA:116,0
DA:117,0
DA:118,0
DA:119,0
DA:121,0
DA:122,0
DA:125,0
DA:167,0
DA:208,0
DA:211,0
DA:318,0
DA:321,0
DA:322,0
DA:337,0
DA:426,0
DA:428,0
LF:42
LH:0
BRDA:93,0,0,0
BRDA:94,1,0,0
BRDA:105,2,0,0
BRDA:105,2,1,0
BRDA:118,3,0,0
BRDA:118,4,0,0
BRDA:118,4,1,0
BRDA:153,5,0,0
BRDA:153,5,1,0
BRDA:156,6,0,0
BRDA:156,6,1,0
BRDA:167,7,0,0
BRDA:167,7,1,0
BRDA:205,8,0,0
BRDA:205,8,1,0
BRDA:211,9,0,0
BRDA:211,9,1,0
BRDA:263,10,0,0
BRDA:263,10,1,0
BRDA:295,11,0,0
BRDA:295,11,1,0
BRDA:310,12,0,0
BRDA:310,12,1,0
BRDA:322,13,0,0
BRDA:322,13,1,0
BRF:25
BRH:0
end_of_record
TN:
SF:app/components/drawer-menu/index.js
FNF:0
FNH:0
LF:0
LH:0
BRF:0
BRH:0
end_of_record
TN:
SF:app/components/dynamic-image/index.jsx
FN:48,(anonymous_0)
FN:52,(anonymous_1)
FN:69,(anonymous_2)
FN:93,(anonymous_3)
FN:104,(anonymous_4)
FNF:5
FNH:0
FNDA:0,(anonymous_0)
FNDA:0,(anonymous_1)
FNDA:0,(anonymous_2)
FNDA:0,(anonymous_3)
FNDA:0,(anonymous_4)
DA:48,1
DA:49,0
DA:50,0
DA:52,0
DA:53,0
DA:58,0
DA:59,0
DA:61,0
DA:70,0
DA:76,0
DA:77,0
DA:79,0
DA:81,0
DA:89,0
DA:94,0
DA:105,0
DA:106,0
DA:114,1
LF:18
LH:2
BRDA:49,0,0,0
BRDA:49,0,1,0
BRDA:61,1,0,0
BRDA:61,1,1,0
BRDA:61,2,0,0
BRDA:61,2,1,0
BRDA:76,3,0,0
BRDA:76,3,1,0
BRDA:91,4,0,0
BRDA:91,4,1,0
BRDA:102,5,0,0
BRDA:102,5,1,0
BRDA:102,5,2,0
BRF:13
BRH:0
end_of_record
TN:
SF:app/components/email-confirmation/index.jsx
FN:20,(anonymous_0)
FN:64,(anonymous_1)
FNF:2
FNH:0
FNDA:0,(anonymous_0)
FNDA:0,(anonymous_1)
DA:20,1
DA:21,0
DA:64,0
DA:87,1
LF:4
LH:2
BRDA:20,0,0,0
BRDA:49,1,0,0
BRDA:49,1,1,0
BRF:3
BRH:0
end_of_record
TN:
SF:app/components/field/index.jsx
FN:28,(anonymous_0)
FN:66,(anonymous_1)
FN:80,(anonymous_2)
FN:109,(anonymous_3)
FN:122,(anonymous_4)
FN:133,(anonymous_5)
FNF:6
FNH:0
FNDA:0,(anonymous_0)
FNDA:0,(anonymous_1)
FNDA:0,(anonymous_2)
FNDA:0,(anonymous_3)
FNDA:0,(anonymous_4)
FNDA:0,(anonymous_5)
DA:28,1
DA:45,0
DA:46,0
DA:47,0
DA:48,0
DA:58,0
DA:60,0
DA:68,0
DA:70,0
DA:81,0
DA:82,0
DA:109,0
DA:123,0
DA:133,0
DA:159,1
LF:15
LH:2
BRDA:32,0,0,0
BRDA:33,1,0,0
BRDA:34,2,0,0
BRDA:47,3,0,0
BRDA:47,3,1,0
BRDA:48,4,0,0
BRDA:48,4,1,0
BRDA:58,5,0,0
BRDA:58,5,1,0
BRDA:58,6,0,0
BRDA:58,6,1,0
BRDA:58,7,0,0
BRDA:58,7,1,0
BRDA:68,8,0,0
BRDA:68,8,1,0
BRDA:72,9,0,0
BRDA:72,9,1,0
BRDA:72,9,2,0
BRDA:76,10,0,0
BRDA:76,10,1,0
BRDA:82,11,0,0
BRDA:82,11,1,0
BRDA:93,12,0,0
BRDA:93,12,1,0
BRDA:103,13,0,0
BRDA:103,13,1,0
BRDA:114,14,0,0
BRDA:114,14,1,0
BRDA:130,15,0,0
BRDA:130,15,1,0
BRDA:137,16,0,0
BRDA:137,16,1,0
BRDA:144,17,0,0
BRDA:144,17,1,0
BRDA:144,17,2,0
BRF:35
BRH:0
end_of_record
TN:
SF:app/components/footer/index.jsx
FN:34,(anonymous_0)
FN:41,(anonymous_1)
FN:51,(anonymous_2)
FN:148,(anonymous_3)
FN:165,(anonymous_4)
FN:202,(anonymous_5)
FNF:6
FNH:0
FNDA:0,(anonymous_0)
FNDA:0,(anonymous_1)
FNDA:0,(anonymous_2)
FNDA:0,(anonymous_3)
FNDA:0,(anonymous_4)
FNDA:0,(anonymous_5)
DA:33,0
DA:34,0
DA:35,0
DA:36,0
DA:37,0
DA:38,0
DA:39,0
DA:40,0
DA:41,0
DA:42,0
DA:47,0
DA:51,0
DA:52,0
DA:53,0
DA:54,0
DA:61,0
DA:68,0
DA:71,0
DA:149,0
DA:152,0
DA:155,0
DA:156,0
DA:166,0
DA:202,0
DA:203,0
DA:204,0
DA:234,0
LF:27
LH:0
BRDA:40,0,0,0
BRDA:40,0,1,0
BRDA:53,1,0,0
BRDA:53,1,1,0
BRDA:138,2,0,0
BRDA:138,2,1,0
BRDA:156,3,0,0
BRDA:156,3,1,0
BRF:8
BRH:0
end_of_record
TN:
SF:app/components/forms/address-fields.jsx
FN:28,(anonymous_0)
FN:40,(anonymous_1)
FNF:2
FNH:0
FNDA:0,(anonymous_0)
FNDA:0,(anonymous_1)
DA:23,0
DA:28,0
DA:36,0
DA:37,0
DA:38,0
DA:39,0
DA:40,0
DA:42,0
DA:45,0
DA:89,0
LF:10
LH:0
BRDA:30,0,0,0
BRDA:31,1,0,0
BRDA:32,2,0,0
BRDA:33,3,0,0
BRDA:34,4,0,0
BRDA:56,5,0,0
BRDA:56,5,1,0
BRDA:64,6,0,0
BRDA:64,6,1,0
BRDA:82,7,0,0
BRDA:82,7,1,0
BRDA:82,7,2,0
BRDA:82,7,3,0
BRF:13
BRH:0
end_of_record
TN:
SF:app/components/forms/credit-card-fields.jsx
FN:34,(anonymous_0)
FN:62,(anonymous_1)
FN:70,(anonymous_2)
FN:94,(anonymous_3)
FN:96,(anonymous_4)
FN:119,(anonymous_5)
FN:121,(anonymous_6)
FN:139,(anonymous_7)
FNF:8
FNH:0
FNDA:0,(anonymous_0)
FNDA:0,(anonymous_1)
FNDA:0,(anonymous_2)
FNDA:0,(anonymous_3)
FNDA:0,(anonymous_4)
FNDA:0,(anonymous_5)
FNDA:0,(anonymous_6)
FNDA:0,(anonymous_7)
DA:34,0
DA:35,0
DA:36,0
DA:37,0
DA:42,0
DA:44,0
DA:50,0
DA:62,0
DA:63,0
DA:64,0
DA:65,0
DA:66,0
DA:70,0
DA:71,0
DA:72,0
DA:73,0
DA:74,0
DA:78,0
DA:94,0
DA:97,0
DA:98,0
DA:99,0
DA:102,0
DA:103,0
DA:119,0
DA:122,0
DA:125,0
DA:126,0
DA:130,0
DA:131,0
DA:133,0
DA:134,0
DA:137,0
DA:140,0
DA:141,0
DA:142,0
DA:187,0
LF:37
LH:0
BRDA:34,0,0,0
BRDA:50,1,0,0
BRDA:50,1,1,0
BRDA:64,2,0,0
BRDA:64,2,1,0
BRDA:72,3,0,0
BRDA:72,3,1,0
BRDA:99,4,0,0
BRDA:99,4,1,0
BRDA:102,5,0,0
BRDA:102,5,1,0
BRDA:107,6,0,0
BRDA:107,6,1,0
BRDA:107,6,2,0
BRDA:125,7,0,0
BRDA:125,7,1,0
BRDA:130,8,0,0
BRDA:130,8,1,0
BRDA:133,9,0,0
BRDA:133,9,1,0
BRDA:140,10,0,0
BRDA:140,10,1,0
BRDA:140,11,0,0
BRDA:140,11,1,0
BRF:24
BRH:0
end_of_record
TN:
SF:app/components/forms/form-action-buttons.jsx
FN:17,(anonymous_0)
FN:22,(anonymous_1)
FNF:2
FNH:0
FNDA:0,(anonymous_0)
FNDA:0,(anonymous_1)
DA:17,0
DA:24,0
DA:47,0
LF:3
LH:0
BRDA:18,0,0,0
BRDA:19,1,0,0
BRDA:22,2,0,0
BRDA:27,3,0,0
BRDA:27,3,1,0
BRDA:34,4,0,0
BRDA:34,4,1,0
BRF:7
BRH:0
end_of_record
TN:
SF:app/components/forms/login-fields.jsx
FN:14,(anonymous_0)
FNF:1
FNH:0
FNDA:0,(anonymous_0)
DA:14,1
DA:21,0
DA:22,0
DA:44,1
LF:4
LH:2
BRDA:17,0,0,0
BRDA:18,1,0,0
BRDA:19,2,0,0
BRDA:24,3,0,0
BRDA:24,3,1,0
BRDA:25,4,0,0
BRDA:25,4,1,0
BRDA:28,5,0,0
BRDA:28,5,1,0
BRF:9
BRH:0
end_of_record
TN:
SF:app/components/forms/password-requirements.jsx
FN:17,(anonymous_0)
FN:50,(anonymous_1)
FNF:2
FNH:0
FNDA:0,(anonymous_0)
FNDA:0,(anonymous_1)
DA:17,1
DA:18,0
DA:28,0
DA:38,1
DA:50,1
DA:51,0
DA:53,0
DA:94,1
LF:8
LH:4
BRDA:20,0,0,0
BRDA:20,0,1,0
BRDA:21,1,0,0
BRDA:21,1,1,0
BRDA:22,2,0,0
BRDA:22,2,1,0
BRDA:23,3,0,0
BRDA:23,3,1,0
BRDA:24,4,0,0
BRDA:24,4,1,0
BRF:10
BRH:0
end_of_record
TN:
SF:app/components/forms/post-checkout-registration-fields.jsx
FN:14,(anonymous_0)
FNF:1
FNH:0
FNDA:0,(anonymous_0)
DA:14,0
DA:15,0
DA:16,0
DA:18,0
DA:35,0
LF:5
LH:0
BRDA:14,0,0,0
BRF:1
BRH:0
end_of_record
TN:
SF:app/components/forms/profile-fields.jsx
FN:14,(anonymous_0)
FNF:1
FNH:0
FNDA:0,(anonymous_0)
DA:14,0
DA:15,0
DA:16,0
DA:17,0
DA:22,0
DA:34,0
LF:6
LH:0
BRDA:14,0,0,0
BRF:1
BRH:0
end_of_record
TN:
SF:app/components/forms/promo-code-fields.jsx
FN:14,(anonymous_0)
FNF:1
FNH:0
FNDA:0,(anonymous_0)
DA:14,0
DA:15,0
DA:17,0
DA:19,0
DA:35,0
LF:5
LH:0
BRDA:14,0,0,0
BRF:1
BRH:0
end_of_record
TN:
SF:app/components/forms/registration-fields.jsx
FN:14,(anonymous_0)
FNF:1
FNH:0
FNDA:0,(anonymous_0)
DA:14,1
DA:15,0
DA:16,0
DA:18,0
DA:34,1
LF:5
LH:2
BRDA:14,0,0,0
BRF:1
BRH:0
end_of_record
TN:
SF:app/components/forms/reset-password-fields.jsx
FN:13,(anonymous_0)
FNF:1
FNH:0
FNDA:0,(anonymous_0)
DA:13,1
DA:14,0
DA:16,0
DA:23,1
LF:4
LH:2
BRDA:13,0,0,0
BRF:1
BRH:0
end_of_record
TN:
SF:app/components/forms/state-province-options.jsx
FNF:0
FNH:0
DA:7,0
DA:61,0
LF:2
LH:0
BRF:0
BRH:0
end_of_record
TN:
SF:app/components/forms/update-password-fields.jsx
FN:20,(anonymous_0)
FNF:1
FNH:0
FNDA:0,(anonymous_0)
DA:20,0
DA:21,0
DA:22,0
DA:24,0
DA:49,0
LF:5
LH:0
BRDA:20,0,0,0
BRDA:28,1,0,0
BRDA:28,1,1,0
BRF:3
BRH:0
end_of_record
TN:
SF:app/components/forms/useAddressFields.jsx
FN:47,useAddressFields
FN:71,(anonymous_1)
FN:82,(anonymous_2)
FN:95,(anonymous_3)
FN:106,(anonymous_4)
FN:111,(anonymous_5)
FN:118,(anonymous_6)
FN:119,(anonymous_7)
FN:137,(anonymous_8)
FN:142,(anonymous_9)
FN:149,(anonymous_10)
FN:162,(anonymous_11)
FN:217,(anonymous_12)
FN:219,(anonymous_13)
FN:254,(anonymous_14)
FN:255,(anonymous_15)
FNF:16
FNH:0
FNDA:0,useAddressFields
FNDA:0,(anonymous_1)
FNDA:0,(anonymous_2)
FNDA:0,(anonymous_3)
FNDA:0,(anonymous_4)
FNDA:0,(anonymous_5)
FNDA:0,(anonymous_6)
FNDA:0,(anonymous_7)
FNDA:0,(anonymous_8)
FNDA:0,(anonymous_9)
FNDA:0,(anonymous_10)
FNDA:0,(anonymous_11)
FNDA:0,(anonymous_12)
FNDA:0,(anonymous_13)
FNDA:0,(anonymous_14)
FNDA:0,(anonymous_15)
DA:21,0
DA:56,0
DA:58,0
DA:59,0
DA:60,0
DA:61,0
DA:62,0
DA:64,0
DA:66,0
DA:71,0
DA:72,0
DA:73,0
DA:74,0
DA:75,0
DA:76,0
DA:77,0
DA:78,0
DA:79,0
DA:82,0
DA:83,0
DA:84,0
DA:88,0
DA:89,0
DA:92,0
DA:95,0
DA:96,0
DA:98,0
DA:99,0
DA:101,0
DA:102,0
DA:106,0
DA:107,0
DA:110,0
DA:112,0
DA:113,0
DA:118,0
DA:119,0
DA:120,0
DA:121,0
DA:123,0
DA:129,0
DA:130,0
DA:131,0
DA:135,0
DA:137,0
DA:138,0
DA:142,0
DA:143,0
DA:144,0
DA:145,0
DA:148,0
DA:150,0
DA:151,0
DA:153,0
DA:155,0
DA:157,0
DA:158,0
DA:159,0
DA:160,0
DA:162,0
DA:163,0
DA:166,0
DA:167,0
DA:173,0
DA:217,0
DA:220,0
DA:254,0
DA:256,0
DA:257,0
DA:350,0
LF:70
LH:0
BRDA:54,0,0,0
BRDA:83,1,0,0
BRDA:83,1,1,0
BRDA:88,2,0,0
BRDA:88,2,1,0
BRDA:88,3,0,0
BRDA:88,3,1,0
BRDA:88,3,2,0
BRDA:98,4,0,0
BRDA:98,4,1,0
BRDA:98,5,0,0
BRDA:98,5,1,0
BRDA:123,6,0,0
BRDA:123,6,1,0
BRDA:124,7,0,0
BRDA:124,7,1,0
BRDA:124,7,2,0
BRDA:124,7,3,0
BRDA:289,8,0,0
BRDA:289,8,1,0
BRDA:291,9,0,0
BRDA:291,9,1,0
BRDA:291,10,0,0
BRDA:291,10,1,0
BRDA:293,11,0,0
BRDA:293,11,1,0
BRDA:293,12,0,0
BRDA:293,12,1,0
BRDA:296,13,0,0
BRDA:296,13,1,0
BRDA:301,14,0,0
BRDA:301,14,1,0
BRDA:303,15,0,0
BRDA:303,15,1,0
BRDA:316,16,0,0
BRDA:316,16,1,0
BRDA:322,17,0,0
BRDA:322,17,1,0
BRDA:324,18,0,0
BRDA:324,18,1,0
BRF:40
BRH:0
end_of_record
TN:
SF:app/components/forms/useCreditCardFields.jsx
FN:45,useCreditCardFields
FN:66,(anonymous_1)
FN:94,(anonymous_2)
FN:113,(anonymous_3)
FN:135,(anonymous_4)
FN:139,(anonymous_5)
FN:142,(anonymous_6)
FNF:7
FNH:0
FNDA:0,useCreditCardFields
FNDA:0,(anonymous_1)
FNDA:0,(anonymous_2)
FNDA:0,(anonymous_3)
FNDA:0,(anonymous_4)
FNDA:0,(anonymous_5)
FNDA:0,(anonymous_6)
DA:10,0
DA:52,0
DA:54,0
DA:67,0
DA:95,0
DA:114,0
DA:136,0
DA:139,0
DA:143,0
DA:150,0
LF:10
LH:0
BRDA:50,0,0,0
BRDA:67,1,0,0
BRDA:67,1,1,0
BRDA:95,2,0,0
BRDA:95,2,1,0
BRDA:114,3,0,0
BRDA:114,3,1,0
BRDA:136,4,0,0
BRDA:136,4,1,0
BRF:9
BRH:0
end_of_record
TN:
SF:app/components/forms/useLoginFields.jsx
FN:9,useLoginFields
FNF:1
FNH:0
FNDA:0,useLoginFields
DA:16,0
DA:17,0
DA:52,0
LF:3
LH:0
BRDA:14,0,0,0
BRF:1
BRH:0
end_of_record
TN:
SF:app/components/forms/useProfileFields.jsx
FN:10,useProfileFields
FN:93,(anonymous_1)
FN:95,(anonymous_2)
FNF:3
FNH:0
FNDA:0,useProfileFields
FNDA:0,(anonymous_1)
FNDA:0,(anonymous_2)
DA:17,0
DA:19,0
DA:93,0
DA:96,0
DA:103,0
LF:5
LH:0
BRDA:15,0,0,0
BRF:1
BRH:0
end_of_record
TN:
SF:app/components/forms/usePromoCodeFields.jsx
FN:9,usePromoCodeFields
FNF:1
FNH:0
FNDA:0,usePromoCodeFields
DA:16,0
DA:18,0
DA:38,0
LF:3
LH:0
BRDA:14,0,0,0
BRF:1
BRH:0
end_of_record
TN:
SF:app/components/forms/useRegistrationFields.jsx
FN:10,useRegistrationFields
FN:89,(anonymous_1)
FN:95,(anonymous_2)
FN:101,(anonymous_3)
FN:107,(anonymous_4)
FN:113,(anonymous_5)
FNF:6
FNH:0
FNDA:0,useRegistrationFields
FNDA:0,(anonymous_1)
FNDA:0,(anonymous_2)
FNDA:0,(anonymous_3)
FNDA:0,(anonymous_4)
FNDA:0,(anonymous_5)
DA:17,0
DA:19,0
DA:90,0
DA:96,0
DA:102,0
DA:108,0
DA:114,0
DA:138,0
LF:8
LH:0
BRDA:15,0,0,0
BRDA:90,1,0,0
BRDA:90,1,1,0
BRDA:96,2,0,0
BRDA:96,2,1,0
BRDA:102,3,0,0
BRDA:102,3,1,0
BRDA:108,4,0,0
BRDA:108,4,1,0
BRDA:114,5,0,0
BRDA:114,5,1,0
BRF:11
BRH:0
end_of_record
TN:
SF:app/components/forms/useResetPasswordFields.jsx
FN:9,useResetPasswordFields
FNF:1
FNH:0
FNDA:0,useResetPasswordFields
DA:16,0
DA:18,0
DA:40,0
LF:3
LH:0
BRDA:14,0,0,0
BRF:1
BRH:0
end_of_record
TN:
SF:app/components/forms/useUpdatePasswordFields.jsx
FN:10,useUpdatePasswordFields
FN:54,(anonymous_1)
FN:60,(anonymous_2)
FN:66,(anonymous_3)
FN:72,(anonymous_4)
FN:78,(anonymous_5)
FN:104,(anonymous_6)
FNF:7
FNH:0
FNDA:0,useUpdatePasswordFields
FNDA:0,(anonymous_1)
FNDA:0,(anonymous_2)
FNDA:0,(anonymous_3)
FNDA:0,(anonymous_4)
FNDA:0,(anonymous_5)
FNDA:0,(anonymous_6)
DA:18,0
DA:20,0
DA:55,0
DA:61,0
DA:67,0
DA:73,0
DA:79,0
DA:105,0
DA:117,0
LF:9
LH:0
BRDA:16,0,0,0
BRDA:55,1,0,0
BRDA:55,1,1,0
BRDA:61,2,0,0
BRDA:61,2,1,0
BRDA:67,3,0,0
BRDA:67,3,1,0
BRDA:73,4,0,0
BRDA:73,4,1,0
BRDA:79,5,0,0
BRDA:79,5,1,0
BRDA:105,6,0,0
BRDA:105,6,1,0
BRF:13
BRH:0
end_of_record
TN:
SF:app/components/header/index.jsx
FN:69,(anonymous_0)
FN:105,(anonymous_1)
FN:149,(anonymous_2)
FN:151,(anonymous_3)
FN:158,(anonymous_4)
FN:160,(anonymous_5)
FN:165,(anonymous_6)
FN:266,(anonymous_7)
FN:270,(anonymous_8)
FN:287,(anonymous_9)
FNF:10
FNH:0
FNDA:0,(anonymous_0)
FNDA:0,(anonymous_1)
FNDA:0,(anonymous_2)
FNDA:0,(anonymous_3)
FNDA:0,(anonymous_4)
FNDA:0,(anonymous_5)
FNDA:0,(anonymous_6)
FNDA:0,(anonymous_7)
FNDA:0,(anonymous_8)
FNDA:0,(anonymous_9)
DA:57,0
DA:69,0
DA:70,0
DA:71,0
DA:72,0
DA:76,0
DA:105,0
DA:116,0
DA:117,0
DA:121,0
DA:122,0
DA:123,0
DA:124,0
DA:125,0
DA:126,0
DA:127,0
DA:134,0
DA:135,0
DA:137,0
DA:140,0
DA:142,0
DA:143,0
DA:144,0
DA:147,0
DA:149,0
DA:151,0
DA:152,0
DA:153,0
DA:154,0
DA:155,0
DA:158,0
DA:160,0
DA:161,0
DA:165,0
DA:166,0
DA:168,0
DA:169,0
DA:173,0
DA:267,0
DA:268,0
DA:271,0
DA:288,0
DA:289,0
DA:387,0
LF:44
LH:0
BRDA:107,0,0,0
BRDA:108,1,0,0
BRDA:109,2,0,0
BRDA:110,3,0,0
BRDA:111,4,0,0
BRDA:112,5,0,0
BRDA:113,6,0,0
BRDA:125,7,0,0
BRDA:125,7,1,0
BRDA:143,8,0,0
BRDA:143,9,0,0
BRDA:143,9,1,0
BRDA:147,10,0,0
BRDA:147,10,1,0
BRDA:161,11,0,0
BRDA:161,11,1,0
BRDA:166,12,0,0
BRDA:166,12,1,0
BRDA:166,13,0,0
BRDA:166,13,1,0
BRDA:166,13,2,0
BRDA:176,14,0,0
BRDA:176,14,1,0
BRDA:211,15,0,0
BRDA:211,15,1,0
BRDA:234,16,0,0
BRDA:234,16,1,0
BRDA:237,17,0,0
BRDA:237,17,1,0
BRDA:237,17,2,0
BRDA:346,18,0,0
BRDA:346,18,1,0
BRDA:369,19,0,0
BRDA:369,19,1,0
BRDA:369,19,2,0
BRF:35
BRH:0
end_of_record
TN:
SF:app/components/hero/index.jsx
FN:19,(anonymous_0)
FNF:1
FNH:0
FNDA:0,(anonymous_0)
DA:19,0
DA:20,0
DA:28,0
DA:70,0
DA:72,0
LF:5
LH:0
BRDA:51,0,0,0
BRDA:51,0,1,0
BRF:2
BRH:0
end_of_record
TN:
SF:app/components/icons/index.jsx
FNF:0
FNH:0
DA:79,1
DA:80,1
DA:81,1
DA:82,1
DA:83,1
DA:84,1
DA:85,1
DA:86,1
DA:87,1
DA:144,1
DA:145,1
DA:146,1
DA:147,1
DA:148,1
DA:149,1
DA:150,1
DA:151,1
DA:152,1
DA:153,1
DA:154,1
DA:155,1
DA:156,1
DA:157,1
DA:158,1
DA:159,1
DA:160,1
DA:161,1
DA:162,1
DA:163,1
DA:164,1
DA:165,1
DA:166,1
DA:167,1
DA:168,1
DA:169,1
DA:170,1
DA:171,1
DA:172,1
DA:173,1
DA:174,1
DA:175,1
DA:176,1
DA:177,1
DA:178,1
DA:191,1
DA:192,1
DA:193,1
DA:194,1
DA:195,1
DA:196,1
DA:197,1
DA:198,1
DA:199,1
DA:200,1
DA:203,1
DA:204,1
DA:205,1
DA:206,1
DA:207,1
DA:208,1
DA:209,1
DA:210,1
DA:211,1
LF:63
LH:63
BRDA:79,0,0,1
BRDA:79,0,1,0
BRDA:80,1,0,1
BRDA:80,1,1,0
BRDA:81,2,0,1
BRDA:81,2,1,0
BRDA:82,3,0,1
BRDA:82,3,1,0
BRDA:83,4,0,1
BRDA:83,4,1,0
BRDA:84,5,0,1
BRDA:84,5,1,0
BRDA:85,6,0,1
BRDA:85,6,1,0
BRDA:86,7,0,1
BRDA:86,7,1,0
BRDA:87,8,0,1
BRDA:87,8,1,0
BRF:18
BRH:9
end_of_record
TN:
SF:app/components/image/index.jsx
FN:25,(anonymous_0)
FN:28,(anonymous_1)
FNF:2
FNH:0
FNDA:0,(anonymous_0)
FNDA:0,(anonymous_1)
DA:25,0
DA:26,0
DA:27,0
DA:28,0
DA:29,0
DA:30,0
DA:31,0
DA:34,0
DA:46,0
LF:9
LH:0
BRDA:27,0,0,0
BRDA:27,0,1,0
BRDA:37,1,0,0
BRDA:37,1,1,0
BRDA:37,1,2,0
BRF:5
BRH:0
end_of_record
TN:
SF:app/components/image/utils.js
FN:7,(anonymous_0)
FNF:1
FNH:0
FNDA:0,(anonymous_0)
DA:7,1
LF:1
LH:1
BRF:0
BRH:0
end_of_record
TN:
SF:app/components/image-gallery/index.jsx
FN:37,(anonymous_0)
FN:47,(anonymous_1)
FN:66,(anonymous_2)
FN:73,(anonymous_3)
FN:81,(anonymous_4)
FN:90,(anonymous_5)
FN:125,(anonymous_6)
FN:138,(anonymous_7)
FN:143,(anonymous_8)
FNF:9
FNH:0
FNDA:0,(anonymous_0)
FNDA:0,(anonymous_1)
FNDA:0,(anonymous_2)
FNDA:0,(anonymous_3)
FNDA:0,(anonymous_4)
FNDA:0,(anonymous_5)
FNDA:0,(anonymous_6)
FNDA:0,(anonymous_7)
FNDA:0,(anonymous_8)
DA:28,1
DA:30,1
DA:31,1
DA:37,1
DA:38,0
DA:40,0
DA:48,0
DA:58,1
DA:66,1
DA:67,0
DA:68,0
DA:69,0
DA:72,0
DA:74,0
DA:81,0
DA:83,0
DA:89,0
DA:91,0
DA:98,0
DA:99,0
DA:100,0
DA:102,0
DA:104,0
DA:126,0
DA:127,0
DA:139,0
DA:140,0
DA:143,0
DA:161,1
LF:29
LH:7
BRDA:66,0,0,0
BRDA:66,1,0,0
BRDA:66,2,0,0
BRDA:99,3,0,0
BRDA:99,3,1,0
BRDA:100,4,0,0
BRDA:100,4,1,0
BRDA:106,5,0,0
BRDA:106,5,1,0
BRDA:110,6,0,0
BRDA:110,6,1,0
BRDA:131,7,0,0
BRDA:131,7,1,0
BRDA:132,8,0,0
BRDA:132,8,1,0
BRDA:137,9,0,0
BRDA:137,9,1,0
BRDA:139,10,0,0
BRDA:139,10,1,0
BRDA:148,11,0,0
BRDA:148,11,1,0
BRF:21
BRH:0
end_of_record
TN:
SF:app/components/island/index.jsx
FN:26,(anonymous_0)
FN:28,findChildren
FN:31,(anonymous_2)
FN:86,Island
FN:99,(anonymous_4)
FN:104,(anonymous_5)
FN:118,(anonymous_6)
FN:132,(anonymous_7)
FN:135,(anonymous_8)
FN:138,(anonymous_9)
FN:139,(anonymous_10)
FN:151,(anonymous_11)
FN:172,(anonymous_12)
FNF:13
FNH:0
FNDA:0,(anonymous_0)
FNDA:0,findChildren
FNDA:0,(anonymous_2)
FNDA:0,Island
FNDA:0,(anonymous_4)
FNDA:0,(anonymous_5)
FNDA:0,(anonymous_6)
FNDA:0,(anonymous_7)
FNDA:0,(anonymous_8)
FNDA:0,(anonymous_9)
FNDA:0,(anonymous_10)
FNDA:0,(anonymous_11)
FNDA:0,(anonymous_12)
DA:24,0
DA:26,0
DA:29,0
DA:31,0
DA:32,0
DA:33,0
DA:35,0
DA:36,0
DA:38,0
DA:41,0
DA:87,0
DA:88,0
DA:89,0
DA:90,0
DA:93,0
DA:94,0
DA:95,0
DA:96,0
DA:97,0
DA:98,0
DA:99,0
DA:100,0
DA:103,0
DA:104,0
DA:105,0
DA:114,0
DA:118,0
DA:119,0
DA:126,0
DA:129,0
DA:130,0
DA:131,0
DA:132,0
DA:135,0
DA:137,0
DA:138,0
DA:139,0
DA:140,0
DA:141,0
DA:142,0
DA:147,0
DA:148,0
DA:150,0
DA:152,0
DA:153,0
DA:154,0
DA:155,0
DA:158,0
DA:160,0
DA:161,0
DA:171,0
DA:172,0
DA:176,0
DA:180,0
DA:181,0
DA:187,0
DA:188,0
DA:189,0
DA:190,0
DA:191,0
DA:192,0
DA:196,0
DA:211,0
DA:212,0
DA:226,0
LF:65
LH:0
BRDA:32,0,0,0
BRDA:32,0,1,0
BRDA:35,1,0,0
BRDA:35,1,1,0
BRDA:38,2,0,0
BRDA:38,2,1,0
BRDA:88,3,0,0
BRDA:88,3,1,0
BRDA:89,4,0,0
BRDA:89,4,1,0
BRDA:93,5,0,0
BRDA:93,6,0,0
BRDA:97,7,0,0
BRDA:97,7,1,0
BRDA:103,8,0,0
BRDA:103,8,1,0
BRDA:105,9,0,0
BRDA:105,9,1,0
BRDA:106,10,0,0
BRDA:106,10,1,0
BRDA:106,10,2,0
BRDA:106,10,3,0
BRDA:106,10,4,0
BRDA:106,10,5,0
BRDA:106,10,6,0
BRDA:119,11,0,0
BRDA:119,11,1,0
BRDA:120,12,0,0
BRDA:120,12,1,0
BRDA:120,12,2,0
BRDA:120,12,3,0
BRDA:120,12,4,0
BRDA:120,12,5,0
BRDA:120,12,6,0
BRDA:120,12,7,0
BRDA:129,13,0,0
BRDA:129,13,1,0
BRDA:130,14,0,0
BRDA:130,14,1,0
BRDA:133,15,0,0
BRDA:133,15,1,0
BRDA:133,16,0,0
BRDA:133,16,1,0
BRDA:137,17,0,0
BRDA:137,17,1,0
BRDA:140,18,0,0
BRDA:140,18,1,0
BRDA:140,19,0,0
BRDA:140,19,1,0
BRDA:142,20,0,0
BRDA:142,20,1,0
BRDA:153,21,0,0
BRDA:153,21,1,0
BRDA:153,22,0,0
BRDA:153,22,1,0
BRDA:155,23,0,0
BRDA:155,23,1,0
BRDA:165,24,0,0
BRDA:165,24,1,0
BRDA:165,25,0,0
BRDA:165,25,1,0
BRDA:180,26,0,0
BRDA:180,26,1,0
BRDA:181,27,0,0
BRDA:181,27,1,0
BRDA:181,28,0,0
BRDA:181,28,1,0
BRDA:181,28,2,0
BRDA:192,29,0,0
BRDA:192,29,1,0
BRDA:192,29,2,0
BRDA:202,30,0,0
BRDA:202,30,1,0
BRDA:204,31,0,0
BRDA:204,31,1,0
BRDA:204,32,0,0
BRDA:204,32,1,0
BRDA:211,33,0,0
BRDA:211,33,1,0
BRDA:211,33,2,0
BRDA:211,33,3,0
BRDA:218,34,0,0
BRDA:218,34,1,0
BRF:83
BRH:0
end_of_record
TN:
SF:app/components/island/utils.js
FN:7,(anonymous_0)
FNF:1
FNH:0
FNDA:0,(anonymous_0)
DA:7,0
LF:1
LH:0
BRF:0
BRH:0
end_of_record
TN:
SF:app/components/item-variant/data.mock.js
FNF:0
FNH:0
DA:8,0
DA:431,0
LF:2
LH:0
BRF:0
BRH:0
end_of_record
TN:
SF:app/components/item-variant/index.jsx
FN:17,(anonymous_0)
FN:24,(anonymous_1)
FNF:2
FNH:0
FNDA:0,(anonymous_0)
FNDA:0,(anonymous_1)
DA:15,0
DA:17,0
DA:18,0
DA:24,0
DA:25,0
DA:28,0
LF:6
LH:0
BRF:0
BRH:0
end_of_record
TN:
SF:app/components/item-variant/item-attributes.jsx
FN:23,(anonymous_0)
FN:33,(anonymous_1)
FN:58,(anonymous_2)
FN:68,(anonymous_3)
FN:70,(anonymous_4)
FN:72,(anonymous_5)
FN:112,(anonymous_6)
FN:137,(anonymous_7)
FN:164,(anonymous_8)
FN:177,(anonymous_9)
FN:209,(anonymous_10)
FN:217,(anonymous_11)
FNF:12
FNH:0
FNDA:0,(anonymous_0)
FNDA:0,(anonymous_1)
FNDA:0,(anonymous_2)
FNDA:0,(anonymous_3)
FNDA:0,(anonymous_4)
FNDA:0,(anonymous_5)
FNDA:0,(anonymous_6)
FNDA:0,(anonymous_7)
FNDA:0,(anonymous_8)
FNDA:0,(anonymous_9)
FNDA:0,(anonymous_10)
FNDA:0,(anonymous_11)
DA:23,0
DA:30,0
DA:31,0
DA:32,0
DA:33,0
DA:34,0
DA:36,0
DA:40,0
DA:50,0
DA:51,0
DA:58,0
DA:59,0
DA:70,0
DA:71,0
DA:72,0
DA:74,0
DA:88,0
DA:100,0
DA:113,0
DA:138,0
DA:165,0
DA:178,0
DA:179,0
DA:209,0
DA:218,0
DA:230,0
LF:26
LH:0
BRDA:27,0,0,0
BRDA:33,1,0,0
BRDA:33,1,1,0
BRDA:36,2,0,0
BRDA:36,2,1,0
BRDA:50,3,0,0
BRDA:50,3,1,0
BRDA:58,4,0,0
BRDA:58,4,1,0
BRDA:67,5,0,0
BRDA:67,5,1,0
BRDA:96,6,0,0
BRDA:96,6,1,0
BRDA:102,7,0,0
BRDA:102,7,1,0
BRDA:111,8,0,0
BRDA:111,8,1,0
BRDA:119,9,0,0
BRDA:119,9,1,0
BRDA:125,10,0,0
BRDA:125,10,1,0
BRDA:135,11,0,0
BRDA:135,11,1,0
BRDA:135,11,2,0
BRDA:135,11,3,0
BRDA:154,12,0,0
BRDA:154,12,1,0
BRDA:154,12,2,0
BRDA:196,13,0,0
BRDA:196,13,1,0
BRDA:207,14,0,0
BRDA:207,14,1,0
BRDA:207,14,2,0
BRDA:209,15,0,0
BRDA:209,15,1,0
BRF:35
BRH:0
end_of_record
TN:
SF:app/components/item-variant/item-image.jsx
FN:22,(anonymous_0)
FNF:1
FNH:0
FNDA:0,(anonymous_0)
DA:22,0
DA:23,0
DA:26,0
DA:31,0
DA:86,0
LF:5
LH:0
BRDA:22,0,0,0
BRDA:35,1,0,0
BRDA:35,1,1,0
BRDA:53,2,0,0
BRDA:53,2,1,0
BRDA:72,3,0,0
BRDA:72,3,1,0
BRDA:75,4,0,0
BRDA:75,4,1,0
BRF:9
BRH:0
end_of_record
TN:
SF:app/components/item-variant/item-name.jsx
FN:18,(anonymous_0)
FNF:1
FNH:0
FNDA:0,(anonymous_0)
DA:18,0
DA:19,0
DA:20,0
DA:22,0
LF:4
LH:0
BRDA:20,0,0,0
BRDA:20,0,1,0
BRDA:25,1,0,0
BRDA:25,1,1,0
BRF:4
BRH:0
end_of_record
TN:
SF:app/components/item-variant/item-price.jsx
FN:19,(anonymous_0)
FN:41,(anonymous_1)
FNF:2
FNH:0
FNDA:0,(anonymous_0)
FNDA:0,(anonymous_1)
DA:19,0
DA:20,0
DA:32,0
DA:41,0
DA:42,0
DA:43,0
DA:44,0
DA:45,0
DA:50,0
DA:51,0
DA:63,0
DA:65,0
DA:67,0
DA:105,0
LF:14
LH:0
BRDA:41,0,0,0
BRDA:41,1,0,0
BRDA:50,2,0,0
BRDA:50,2,1,0
BRDA:58,3,0,0
BRDA:58,3,1,0
BRDA:58,3,2,0
BRDA:71,4,0,0
BRDA:71,4,1,0
BRDA:73,5,0,0
BRDA:73,5,1,0
BRDA:77,6,0,0
BRDA:77,6,1,0
BRDA:77,6,2,0
BRDA:77,6,3,0
BRDA:77,6,4,0
BRDA:81,7,0,0
BRDA:81,7,1,0
BRDA:98,8,0,0
BRDA:98,8,1,0
BRDA:98,8,2,0
BRDA:98,8,3,0
BRDA:98,8,4,0
BRF:23
BRH:0
end_of_record
TN:
SF:app/components/link/index.jsx
FN:13,(anonymous_0)
FNF:1
FNH:0
FNDA:0,(anonymous_0)
DA:13,1
DA:14,0
DA:15,0
DA:16,0
DA:17,0
DA:28,1
DA:30,1
LF:7
LH:3
BRDA:13,0,0,0
BRDA:14,1,0,0
BRDA:14,1,1,0
BRDA:19,2,0,0
BRDA:19,2,1,0
BRDA:20,3,0,0
BRDA:20,3,1,0
BRF:7
BRH:0
end_of_record
TN:
SF:app/components/links-list/index.jsx
FN:18,(anonymous_0)
FN:49,(anonymous_1)
FN:63,(anonymous_2)
FNF:3
FNH:0
FNDA:0,(anonymous_0)
FNDA:0,(anonymous_1)
FNDA:0,(anonymous_2)
DA:18,0
DA:27,0
DA:28,0
DA:50,0
DA:64,0
DA:80,0
LF:6
LH:0
BRDA:19,0,0,0
BRDA:20,1,0,0
BRDA:29,2,0,0
BRDA:29,2,1,0
BRDA:30,3,0,0
BRDA:30,3,1,0
BRDA:31,4,0,0
BRDA:31,4,1,0
BRDA:38,5,0,0
BRDA:38,5,1,0
BRDA:46,6,0,0
BRDA:46,6,1,0
BRDA:47,7,0,0
BRDA:47,7,1,0
BRDA:54,8,0,0
BRDA:54,8,1,0
BRDA:68,9,0,0
BRDA:68,9,1,0
BRF:18
BRH:0
end_of_record
TN:
SF:app/components/list-menu/index.js
FNF:0
FNH:0
LF:0
LH:0
BRF:0
BRH:0
end_of_record
TN:
SF:app/components/list-menu/list-menu-content.jsx
FN:28,(anonymous_0)
FN:44,(anonymous_1)
FN:58,(anonymous_2)
FNF:3
FNH:0
FNDA:0,(anonymous_0)
FNDA:0,(anonymous_1)
FNDA:0,(anonymous_2)
DA:28,0
DA:29,0
DA:30,0
DA:31,0
DA:32,0
DA:34,0
DA:45,0
DA:46,0
DA:48,0
DA:57,0
DA:59,0
DA:60,0
DA:72,0
DA:88,0
LF:14
LH:0
BRDA:32,0,0,0
BRDA:32,0,1,0
BRDA:40,1,0,0
BRDA:40,1,1,0
BRDA:57,2,0,0
BRDA:57,2,1,0
BRDA:79,3,0,0
BRDA:79,3,1,0
BRF:8
BRH:0
end_of_record
TN:
SF:app/components/list-menu/list-menu-popover.jsx
FN:27,(anonymous_0)
FNF:1
FNH:0
FNDA:0,(anonymous_0)
DA:27,0
DA:28,0
DA:29,0
DA:30,0
DA:31,0
DA:32,0
DA:34,0
DA:72,0
LF:8
LH:0
BRDA:30,0,0,0
BRDA:30,0,1,0
BRDA:53,1,0,0
BRDA:53,1,1,0
BRF:4
BRH:0
end_of_record
TN:
SF:app/components/list-menu/list-menu-trigger.jsx
FN:28,ChevronIconTrigger
FN:36,(anonymous_1)
FN:41,(anonymous_2)
FN:42,(anonymous_3)
FN:63,(anonymous_4)
FNF:5
FNH:0
FNDA:0,ChevronIconTrigger
FNDA:0,(anonymous_1)
FNDA:0,(anonymous_2)
FNDA:0,(anonymous_3)
FNDA:0,(anonymous_4)
DA:28,0
DA:29,0
DA:36,0
DA:37,0
DA:38,0
DA:40,0
DA:41,0
DA:42,0
DA:45,0
DA:64,0
DA:75,0
LF:11
LH:0
BRDA:53,0,0,0
BRDA:53,0,1,0
BRF:2
BRH:0
end_of_record
TN:
SF:app/components/list-menu/list-menu.jsx
FN:44,(anonymous_0)
FN:59,(anonymous_1)
FN:77,(anonymous_2)
FNF:3
FNH:0
FNDA:0,(anonymous_0)
FNDA:0,(anonymous_1)
FNDA:0,(anonymous_2)
DA:33,0
DA:44,0
DA:51,0
DA:52,0
DA:53,0
DA:54,0
DA:56,0
DA:57,0
DA:59,0
DA:60,0
DA:63,0
DA:78,0
DA:79,0
DA:81,0
DA:122,0
DA:124,0
LF:16
LH:0
BRDA:49,0,0,0
BRDA:75,1,0,0
BRDA:75,1,1,0
BRDA:79,2,0,0
BRDA:79,2,1,0
BRDA:79,2,2,0
BRDA:83,3,0,0
BRDA:83,3,1,0
BRDA:101,4,0,0
BRDA:101,4,1,0
BRF:10
BRH:0
end_of_record
TN:
SF:app/components/loading-spinner/index.jsx
FN:11,(anonymous_0)
FNF:1
FNH:0
FNDA:0,(anonymous_0)
DA:11,1
DA:12,0
DA:41,1
LF:3
LH:2
BRDA:11,0,0,0
BRDA:11,1,0,0
BRF:2
BRH:0
end_of_record
TN:
SF:app/components/locale-selector/index.jsx
FN:53,(anonymous_0)
FN:53,(anonymous_1)
FN:59,(anonymous_2)
FN:76,(anonymous_3)
FN:80,(anonymous_4)
FNF:5
FNH:0
FNDA:0,(anonymous_0)
FNDA:0,(anonymous_1)
FNDA:0,(anonymous_2)
FNDA:0,(anonymous_3)
FNDA:0,(anonymous_4)
DA:40,0
DA:53,0
DA:54,0
DA:55,0
DA:60,0
DA:77,0
DA:80,0
DA:107,0
DA:109,0
LF:9
LH:0
BRDA:53,0,0,0
BRDA:53,1,0,0
BRDA:53,2,0,0
BRDA:63,3,0,0
BRDA:63,3,1,0
BRDA:91,4,0,0
BRDA:91,4,1,0
BRF:7
BRH:0
end_of_record
TN:
SF:app/components/locale-text/index.jsx
FN:13,(anonymous_0)
FNF:1
FNH:0
FNDA:0,(anonymous_0)
DA:13,0
DA:14,0
DA:15,0
DA:17,0
DA:18,0
DA:25,0
DA:28,0
DA:31,0
DA:33,0
DA:48,0
LF:10
LH:0
BRDA:17,0,0,0
BRDA:17,0,1,0
BRF:2
BRH:0
end_of_record
TN:
SF:app/components/login/index.jsx
FN:17,(anonymous_0)
FNF:1
FNH:0
FNDA:0,(anonymous_0)
DA:17,1
DA:28,0
DA:91,1
LF:3
LH:2
BRDA:21,0,0,0
BRDA:23,1,0,0
BRDA:24,2,0,0
BRDA:25,3,0,0
BRDA:44,4,0,0
BRDA:44,4,1,0
BRDA:53,5,0,0
BRDA:53,5,1,0
BRF:8
BRH:0
end_of_record
TN:
SF:app/components/multiship/multiship-order-summary.jsx
FN:28,(anonymous_0)
FN:31,(anonymous_1)
FN:49,(anonymous_2)
FN:52,(anonymous_3)
FN:57,(anonymous_4)
FN:64,(anonymous_5)
FN:73,(anonymous_6)
FN:90,(anonymous_7)
FNF:8
FNH:0
FNDA:0,(anonymous_0)
FNDA:0,(anonymous_1)
FNDA:0,(anonymous_2)
FNDA:0,(anonymous_3)
FNDA:0,(anonymous_4)
FNDA:0,(anonymous_5)
FNDA:0,(anonymous_6)
FNDA:0,(anonymous_7)
DA:28,0
DA:29,0
DA:31,0
DA:32,0
DA:37,0
DA:49,0
DA:50,0
DA:51,0
DA:52,0
DA:54,0
DA:56,0
DA:57,0
DA:64,0
DA:65,0
DA:67,0
DA:74,0
DA:75,0
DA:77,0
DA:92,0
DA:93,0
DA:99,0
DA:137,0
DA:145,0
LF:23
LH:0
BRDA:29,0,0,0
BRDA:29,0,1,0
BRDA:32,1,0,0
BRDA:32,1,1,0
BRDA:34,2,0,0
BRDA:34,2,1,0
BRDA:50,3,0,0
BRDA:50,3,1,0
BRDA:51,4,0,0
BRDA:51,4,1,0
BRDA:52,5,0,0
BRDA:52,5,1,0
BRDA:54,6,0,0
BRDA:54,6,1,0
BRDA:56,7,0,0
BRDA:56,7,1,0
BRDA:56,7,2,0
BRDA:58,8,0,0
BRDA:58,8,1,0
BRDA:58,8,2,0
BRDA:59,9,0,0
BRDA:59,9,1,0
BRDA:59,9,2,0
BRDA:60,10,0,0
BRDA:60,10,1,0
BRDA:60,10,2,0
BRDA:60,10,3,0
BRDA:65,11,0,0
BRDA:65,11,1,0
BRDA:79,12,0,0
BRDA:79,12,1,0
BRDA:92,13,0,0
BRDA:92,13,1,0
BRDA:102,14,0,0
BRDA:102,14,1,0
BRF:35
BRH:0
end_of_record
TN:
SF:app/components/nested-accordion/index.jsx
FN:34,(anonymous_0)
FN:39,(anonymous_1)
FN:46,(anonymous_2)
FN:54,(anonymous_3)
FN:64,(anonymous_4)
FN:70,(anonymous_5)
FNF:6
FNH:0
FNDA:0,(anonymous_0)
FNDA:0,(anonymous_1)
FNDA:0,(anonymous_2)
FNDA:0,(anonymous_3)
FNDA:0,(anonymous_4)
FNDA:0,(anonymous_5)
DA:34,0
DA:35,0
DA:39,0
DA:46,0
DA:48,0
DA:50,0
DA:51,0
DA:54,0
DA:55,0
DA:57,0
DA:59,0
DA:65,0
DA:66,0
DA:68,0
DA:71,0
DA:134,0
DA:136,0
LF:17
LH:0
BRDA:38,0,0,0
BRDA:39,1,0,0
BRDA:42,2,0,0
BRDA:43,3,0,0
BRDA:44,4,0,0
BRDA:45,5,0,0
BRDA:46,6,0,0
BRDA:51,7,0,0
BRDA:51,7,1,0
BRDA:55,8,0,0
BRDA:55,8,1,0
BRDA:57,9,0,0
BRDA:57,9,1,0
BRDA:62,10,0,0
BRDA:62,10,1,0
BRDA:66,11,0,0
BRDA:66,11,1,0
BRDA:66,11,2,0
BRDA:75,12,0,0
BRDA:75,12,1,0
BRDA:78,13,0,0
BRDA:78,13,1,0
BRDA:108,14,0,0
BRDA:108,14,1,0
BRDA:129,15,0,0
BRDA:129,15,1,0
BRF:26
BRH:0
end_of_record
TN:
SF:app/components/offline-banner/index.jsx
FN:23,(anonymous_0)
FNF:1
FNH:0
FNDA:0,(anonymous_0)
DA:23,0
DA:24,0
DA:25,0
DA:27,0
LF:4
LH:0
BRF:0
BRH:0
end_of_record
TN:
SF:app/components/offline-boundary/index.jsx
FN:21,(anonymous_0)
FN:28,(anonymous_1)
FN:36,(anonymous_2)
FN:40,(anonymous_3)
FN:47,(anonymous_4)
FN:57,(anonymous_5)
FN:59,(anonymous_6)
FN:64,(anonymous_7)
FN:84,(anonymous_8)
FNF:9
FNH:0
FNDA:0,(anonymous_0)
FNDA:0,(anonymous_1)
FNDA:0,(anonymous_2)
FNDA:0,(anonymous_3)
FNDA:0,(anonymous_4)
FNDA:0,(anonymous_5)
FNDA:0,(anonymous_6)
FNDA:0,(anonymous_7)
FNDA:0,(anonymous_8)
DA:22,0
DA:23,0
DA:31,0
DA:32,0
DA:37,0
DA:41,0
DA:42,0
DA:44,0
DA:46,0
DA:47,0
DA:50,0
DA:52,0
DA:53,0
DA:59,0
DA:60,0
DA:65,0
DA:66,0
DA:68,0
DA:84,0
DA:97,0
LF:20
LH:0
BRDA:31,0,0,0
BRDA:31,0,1,0
BRDA:44,1,0,0
BRDA:44,1,1,0
BRDA:47,2,0,0
BRDA:47,2,1,0
BRDA:47,3,0,0
BRDA:47,3,1,0
BRDA:50,4,0,0
BRDA:50,4,1,0
BRDA:52,5,0,0
BRDA:52,5,1,0
BRDA:60,6,0,0
BRDA:60,6,1,0
BRDA:70,7,0,0
BRDA:70,7,1,0
BRF:16
BRH:0
end_of_record
TN:
SF:app/components/order-summary/index.jsx
FN:36,(anonymous_0)
FN:37,(anonymous_1)
FN:38,(anonymous_2)
FN:48,(anonymous_3)
FN:50,(anonymous_4)
FN:76,(anonymous_5)
FN:80,(anonymous_6)
FN:127,(anonymous_7)
FN:176,(anonymous_8)
FN:215,(anonymous_9)
FN:321,(anonymous_10)
FN:331,(anonymous_11)
FNF:12
FNH:0
FNDA:0,(anonymous_0)
FNDA:0,(anonymous_1)
FNDA:0,(anonymous_2)
FNDA:0,(anonymous_3)
FNDA:0,(anonymous_4)
FNDA:0,(anonymous_5)
FNDA:0,(anonymous_6)
FNDA:0,(anonymous_7)
FNDA:0,(anonymous_8)
FNDA:0,(anonymous_9)
FNDA:0,(anonymous_10)
FNDA:0,(anonymous_11)
DA:36,0
DA:37,0
DA:38,0
DA:39,0
DA:50,0
DA:51,0
DA:52,0
DA:53,0
DA:59,0
DA:77,0
DA:80,0
DA:81,0
DA:86,0
DA:123,0
DA:127,0
DA:134,0
DA:136,0
DA:137,0
DA:139,0
DA:140,0
DA:142,0
DA:177,0
DA:216,0
DA:322,0
DA:331,0
DA:350,0
LF:26
LH:0
BRDA:37,0,0,0
BRDA:37,0,1,0
BRDA:38,1,0,0
BRDA:38,1,1,0
BRDA:78,2,0,0
BRDA:78,2,1,0
BRDA:83,3,0,0
BRDA:83,3,1,0
BRDA:89,4,0,0
BRDA:89,4,1,0
BRDA:129,5,0,0
BRDA:130,6,0,0
BRDA:131,7,0,0
BRDA:132,8,0,0
BRDA:136,9,0,0
BRDA:136,9,1,0
BRDA:136,10,0,0
BRDA:136,10,1,0
BRDA:157,11,0,0
BRDA:157,11,1,0
BRDA:201,12,0,0
BRDA:201,12,1,0
BRDA:212,13,0,0
BRDA:212,13,1,0
BRDA:225,14,0,0
BRDA:225,14,1,0
BRDA:252,15,0,0
BRDA:252,15,1,0
BRDA:271,16,0,0
BRDA:271,16,1,0
BRDA:281,17,0,0
BRDA:281,17,1,0
BRDA:300,18,0,0
BRDA:300,18,1,0
BRDA:305,19,0,0
BRDA:305,19,1,0
BRDA:326,20,0,0
BRDA:326,20,1,0
BRF:38
BRH:0
end_of_record
TN:
SF:app/components/otp-auth/index.jsx
FN:33,(anonymous_0)
FN:69,(anonymous_1)
FN:83,(anonymous_2)
FN:93,(anonymous_3)
FN:99,(anonymous_4)
FN:113,(anonymous_5)
FN:117,(anonymous_6)
FN:153,(anonymous_7)
FN:176,(anonymous_8)
FN:192,(anonymous_9)
FN:241,(anonymous_10)
FN:244,(anonymous_11)
FN:246,(anonymous_12)
FN:247,(anonymous_13)
FNF:14
FNH:0
FNDA:0,(anonymous_0)
FNDA:0,(anonymous_1)
FNDA:0,(anonymous_2)
FNDA:0,(anonymous_3)
FNDA:0,(anonymous_4)
FNDA:0,(anonymous_5)
FNDA:0,(anonymous_6)
FNDA:0,(anonymous_7)
FNDA:0,(anonymous_8)
FNDA:0,(anonymous_9)
FNDA:0,(anonymous_10)
FNDA:0,(anonymous_11)
FNDA:0,(anonymous_12)
FNDA:0,(anonymous_13)
DA:33,1
DA:44,0
DA:45,0
DA:46,0
DA:47,0
DA:49,0
DA:50,0
DA:55,0
DA:56,0
DA:57,0
DA:60,0
DA:61,0
DA:62,0
DA:63,0
DA:66,0
DA:69,0
DA:71,0
DA:72,0
DA:75,0
DA:76,0
DA:79,0
DA:80,0
DA:83,0
DA:84,0
DA:85,0
DA:93,0
DA:94,0
DA:95,0
DA:99,0
DA:100,0
DA:101,0
DA:102,0
DA:103,0
DA:105,0
DA:108,0
DA:113,0
DA:117,0
DA:118,0
DA:120,0
DA:121,0
DA:124,0
DA:130,0
DA:131,0
DA:132,0
DA:133,0
DA:134,0
DA:137,0
DA:144,0
DA:146,0
DA:153,0
DA:155,0
DA:157,0
DA:158,0
DA:159,0
DA:164,0
DA:166,0
DA:167,0
DA:172,0
DA:176,0
DA:177,0
DA:180,0
DA:186,0
DA:187,0
DA:189,0
DA:192,0
DA:193,0
DA:194,0
DA:195,0
DA:196,0
DA:197,0
DA:198,0
DA:203,0
DA:242,0
DA:244,0
DA:246,0
DA:247,0
DA:361,1
LF:77
LH:2
BRDA:40,0,0,0
BRDA:41,1,0,0
BRDA:42,2,0,0
BRDA:46,3,0,0
BRDA:46,3,1,0
BRDA:47,4,0,0
BRDA:47,4,1,0
BRDA:49,5,0,0
BRDA:49,5,1,0
BRDA:71,6,0,0
BRDA:71,6,1,0
BRDA:75,7,0,0
BRDA:75,7,1,0
BRDA:75,8,0,0
BRDA:75,8,1,0
BRDA:83,9,0,0
BRDA:87,10,0,0
BRDA:87,10,1,0
BRDA:94,11,0,0
BRDA:94,11,1,0
BRDA:100,12,0,0
BRDA:100,12,1,0
BRDA:117,13,0,0
BRDA:118,14,0,0
BRDA:118,14,1,0
BRDA:118,15,0,0
BRDA:118,15,1,0
BRDA:132,16,0,0
BRDA:132,16,1,0
BRDA:132,17,0,0
BRDA:132,17,1,0
BRDA:155,18,0,0
BRDA:155,18,1,0
BRDA:155,19,0,0
BRDA:155,19,1,0
BRDA:177,20,0,0
BRDA:177,20,1,0
BRDA:186,21,0,0
BRDA:186,21,1,0
BRDA:195,22,0,0
BRDA:195,22,1,0
BRDA:197,23,0,0
BRDA:197,23,1,0
BRDA:208,24,0,0
BRDA:208,24,1,0
BRDA:224,25,0,0
BRDA:224,25,1,0
BRDA:259,26,0,0
BRDA:259,26,1,0
BRDA:263,27,0,0
BRDA:263,27,1,0
BRDA:264,28,0,0
BRDA:264,28,1,0
BRDA:269,29,0,0
BRDA:269,29,1,0
BRDA:276,30,0,0
BRDA:276,30,1,0
BRDA:287,31,0,0
BRDA:287,31,1,0
BRDA:294,32,0,0
BRDA:294,32,1,0
BRDA:306,33,0,0
BRDA:306,33,1,0
BRDA:324,34,0,0
BRDA:324,34,1,0
BRF:65
BRH:0
end_of_record
TN:
SF:app/components/page-action-placeholder/index.jsx
FN:13,(anonymous_0)
FNF:1
FNH:0
FNDA:0,(anonymous_0)
DA:13,0
DA:14,0
DA:41,0
LF:3
LH:0
BRF:0
BRH:0
end_of_record
TN:
SF:app/components/page-designer-init/index.jsx
FN:56,PageDesignerInit
FN:65,(anonymous_1)
FN:81,(anonymous_2)
FN:87,(anonymous_3)
FNF:4
FNH:0
FNDA:0,PageDesignerInit
FNDA:0,(anonymous_1)
FNDA:0,(anonymous_2)
FNDA:0,(anonymous_3)
DA:57,0
DA:61,0
DA:65,0
DA:66,0
DA:67,0
DA:70,0
DA:71,0
DA:72,0
DA:75,0
DA:76,0
DA:77,0
DA:78,0
DA:79,0
DA:81,0
DA:85,0
DA:87,0
LF:16
LH:0
BRDA:66,0,0,0
BRDA:66,0,1,0
BRDA:71,1,0,0
BRDA:71,1,1,0
BRF:4
BRH:0
end_of_record
TN:
SF:app/components/pagination/index.jsx
FN:35,(anonymous_0)
FN:76,(anonymous_1)
FN:86,(anonymous_2)
FNF:3
FNH:0
FNDA:0,(anonymous_0)
FNDA:0,(anonymous_1)
FNDA:0,(anonymous_2)
DA:28,0
DA:35,0
DA:36,0
DA:37,0
DA:38,0
DA:39,0
DA:41,0
DA:42,0
DA:43,0
DA:46,0
DA:77,0
DA:87,0
DA:131,0
DA:133,0
LF:14
LH:0
BRDA:41,0,0,0
BRDA:41,0,1,0
BRDA:54,1,0,0
BRDA:54,1,1,0
BRDA:55,2,0,0
BRDA:55,2,1,0
BRDA:110,3,0,0
BRDA:110,3,1,0
BRDA:111,4,0,0
BRDA:111,4,1,0
BRF:10
BRH:0
end_of_record
TN:
SF:app/components/passwordless-login/index.jsx
FN:16,(anonymous_0)
FN:17,(anonymous_1)
FN:27,(anonymous_2)
FN:49,(anonymous_3)
FNF:4
FNH:0
FNDA:0,(anonymous_0)
FNDA:0,(anonymous_1)
FNDA:0,(anonymous_2)
FNDA:0,(anonymous_3)
DA:16,1
DA:17,1
DA:25,0
DA:27,0
DA:28,0
DA:30,0
DA:31,0
DA:32,0
DA:34,0
DA:38,0
DA:50,0
DA:51,0
DA:95,1
LF:13
LH:3
BRDA:21,0,0,0
BRDA:22,1,0,0
BRDA:23,2,0,0
BRDA:31,3,0,0
BRDA:31,3,1,0
BRDA:31,4,0,0
BRDA:31,4,1,0
BRDA:40,5,0,0
BRDA:40,5,1,0
BRDA:40,5,2,0
BRDA:79,6,0,0
BRDA:79,6,1,0
BRDA:83,7,0,0
BRDA:83,7,1,0
BRDA:83,7,2,0
BRF:15
BRH:0
end_of_record
TN:
SF:app/components/pickup-or-delivery/index.jsx
FN:29,(anonymous_0)
FN:37,(anonymous_1)
FN:47,(anonymous_2)
FNF:3
FNH:0
FNDA:0,(anonymous_0)
FNDA:0,(anonymous_1)
FNDA:0,(anonymous_2)
DA:16,0
DA:29,0
DA:35,0
DA:37,0
DA:38,0
DA:39,0
DA:43,0
DA:47,0
DA:72,0
LF:9
LH:0
BRDA:30,0,0,0
BRDA:32,1,0,0
BRDA:33,2,0,0
BRDA:38,3,0,0
BRDA:38,3,1,0
BRF:5
BRH:0
end_of_record
TN:
SF:app/components/product-item/bonus-product-quantity.jsx
FN:12,(anonymous_0)
FNF:1
FNH:0
FNDA:0,(anonymous_0)
DA:12,0
DA:13,0
DA:14,0
DA:41,0
LF:4
LH:0
BRF:0
BRH:0
end_of_record
TN:
SF:app/components/product-item/index.jsx
FN:40,(anonymous_0)
FNF:1
FNH:0
FNDA:0,(anonymous_0)
DA:40,0
DA:52,0
DA:53,0
DA:54,0
DA:135,0
LF:5
LH:0
BRDA:45,0,0,0
BRDA:46,1,0,0
BRDA:47,2,0,0
BRDA:48,3,0,0
BRDA:49,4,0,0
BRDA:57,5,0,0
BRDA:57,5,1,0
BRDA:60,6,0,0
BRDA:60,6,1,0
BRDA:78,7,0,0
BRDA:78,7,1,0
BRDA:78,7,2,0
BRDA:83,8,0,0
BRDA:83,8,1,0
BRDA:83,8,2,0
BRDA:89,9,0,0
BRDA:89,9,1,0
BRDA:89,10,0,0
BRDA:89,10,1,0
BRDA:90,11,0,0
BRDA:90,11,1,0
BRDA:113,12,0,0
BRDA:113,12,1,0
BRDA:113,12,2,0
BRF:24
BRH:0
end_of_record
TN:
SF:app/components/product-item/product-quantity-picker.jsx
FN:13,(anonymous_0)
FN:22,(anonymous_1)
FN:27,(anonymous_2)
FN:36,(anonymous_3)
FNF:4
FNH:0
FNDA:0,(anonymous_0)
FNDA:0,(anonymous_1)
FNDA:0,(anonymous_2)
FNDA:0,(anonymous_3)
DA:13,0
DA:20,0
DA:22,0
DA:24,0
DA:26,0
DA:27,0
DA:29,0
DA:32,0
DA:36,0
DA:38,0
DA:40,0
DA:41,0
DA:45,0
DA:89,0
LF:14
LH:0
BRDA:24,0,0,0
BRDA:24,0,1,0
BRDA:27,1,0,0
BRDA:27,1,1,0
BRDA:29,2,0,0
BRDA:29,2,1,0
BRDA:40,3,0,0
BRDA:40,3,1,0
BRF:8
BRH:0
end_of_record
TN:
SF:app/components/product-item-list/index.jsx
FN:20,(anonymous_0)
FN:42,(anonymous_1)
FNF:2
FNH:0
FNDA:0,(anonymous_0)
FNDA:0,(anonymous_1)
DA:20,0
DA:40,0
DA:43,0
DA:45,0
DA:48,0
DA:51,0
DA:53,0
DA:103,0
LF:8
LH:0
BRDA:21,0,0,0
BRDA:27,1,0,0
BRDA:28,2,0,0
BRDA:29,3,0,0
BRDA:30,4,0,0
BRDA:31,5,0,0
BRDA:32,6,0,0
BRDA:33,7,0,0
BRDA:35,8,0,0
BRDA:36,9,0,0
BRDA:38,10,0,0
BRDA:48,11,0,0
BRDA:48,11,1,0
BRDA:51,12,0,0
BRDA:51,12,1,0
BRDA:63,13,0,0
BRDA:63,13,1,0
BRDA:66,14,0,0
BRDA:66,14,1,0
BRDA:69,15,0,0
BRDA:69,15,1,0
BRDA:76,16,0,0
BRDA:76,16,1,0
BRDA:80,17,0,0
BRDA:80,17,1,0
BRDA:81,18,0,0
BRDA:81,18,1,0
BRDA:85,19,0,0
BRDA:85,19,1,0
BRDA:91,20,0,0
BRDA:91,20,1,0
BRDA:91,20,2,0
BRF:32
BRH:0
end_of_record
TN:
SF:app/components/product-scroller/index.jsx
FN:26,(anonymous_0)
FN:49,(anonymous_1)
FN:87,(anonymous_2)
FN:107,(anonymous_3)
FN:152,(anonymous_4)
FN:175,(anonymous_5)
FNF:6
FNH:0
FNDA:0,(anonymous_0)
FNDA:0,(anonymous_1)
FNDA:0,(anonymous_2)
FNDA:0,(anonymous_3)
FNDA:0,(anonymous_4)
FNDA:0,(anonymous_5)
DA:25,1
DA:39,0
DA:40,0
DA:43,0
DA:44,0
DA:49,0
DA:50,0
DA:57,0
DA:88,0
DA:108,0
DA:152,0
DA:175,0
DA:185,1
DA:187,1
LF:14
LH:3
BRDA:33,0,0,0
BRDA:43,1,0,0
BRDA:43,1,1,0
BRDA:43,2,0,0
BRDA:43,2,1,0
BRDA:43,2,2,0
BRDA:49,3,0,0
BRDA:60,4,0,0
BRDA:60,4,1,0
BRDA:62,5,0,0
BRDA:62,5,1,0
BRDA:62,5,2,0
BRDA:62,5,3,0
BRDA:68,6,0,0
BRDA:68,6,1,0
BRDA:68,6,2,0
BRDA:86,7,0,0
BRDA:86,7,1,0
BRDA:110,8,0,0
BRDA:110,8,1,0
BRDA:118,9,0,0
BRDA:118,9,1,0
BRDA:131,10,0,0
BRDA:131,10,1,0
BRDA:131,10,2,0
BRF:25
BRH:0
end_of_record
TN:
SF:app/components/product-tile/index.jsx
FN:54,(anonymous_0)
FN:63,(anonymous_1)
FN:84,(anonymous_2)
FN:107,(anonymous_3)
FN:114,(anonymous_4)
FN:119,(anonymous_5)
FN:134,(anonymous_6)
FN:142,(anonymous_7)
FN:150,(anonymous_8)
FN:152,(anonymous_9)
FN:163,(anonymous_10)
FN:168,(anonymous_11)
FN:171,(anonymous_12)
FN:212,(anonymous_13)
FN:213,(anonymous_14)
FN:218,(anonymous_15)
FN:222,(anonymous_16)
FN:273,(anonymous_17)
FN:301,(anonymous_18)
FN:313,(anonymous_19)
FN:403,(anonymous_20)
FN:405,(anonymous_21)
FNF:22
FNH:0
FNDA:0,(anonymous_0)
FNDA:0,(anonymous_1)
FNDA:0,(anonymous_2)
FNDA:0,(anonymous_3)
FNDA:0,(anonymous_4)
FNDA:0,(anonymous_5)
FNDA:0,(anonymous_6)
FNDA:0,(anonymous_7)
FNDA:0,(anonymous_8)
FNDA:0,(anonymous_9)
FNDA:0,(anonymous_10)
FNDA:0,(anonymous_11)
FNDA:0,(anonymous_12)
FNDA:0,(anonymous_13)
FNDA:0,(anonymous_14)
FNDA:0,(anonymous_15)
FNDA:0,(anonymous_16)
FNDA:0,(anonymous_17)
FNDA:0,(anonymous_18)
FNDA:0,(anonymous_19)
FNDA:0,(anonymous_20)
FNDA:0,(anonymous_21)
DA:51,1
DA:54,1
DA:55,0
DA:63,1
DA:64,0
DA:65,0
DA:84,1
DA:96,0
DA:97,0
DA:99,0
DA:100,0
DA:101,0
DA:102,0
DA:104,0
DA:106,0
DA:107,0
DA:111,0
DA:114,0
DA:118,0
DA:119,0
DA:122,0
DA:123,0
DA:129,0
DA:133,0
DA:135,0
DA:142,0
DA:148,0
DA:150,0
DA:151,0
DA:153,0
DA:155,0
DA:163,0
DA:164,0
DA:168,0
DA:169,0
DA:170,0
DA:171,0
DA:172,0
DA:177,0
DA:181,0
DA:184,0
DA:212,0
DA:214,0
DA:219,0
DA:223,0
DA:239,0
DA:277,0
DA:302,0
DA:303,0
DA:304,0
DA:305,0
DA:314,0
DA:324,1
DA:326,1
DA:403,1
DA:404,0
DA:405,0
LF:57
LH:7
BRDA:87,0,0,0
BRDA:88,1,0,0
BRDA:92,2,0,0
BRDA:93,3,0,0
BRDA:94,4,0,0
BRDA:106,5,0,0
BRDA:106,5,1,0
BRDA:106,6,0,0
BRDA:106,6,1,0
BRDA:125,7,0,0
BRDA:125,7,1,0
BRDA:148,8,0,0
BRDA:148,8,1,0
BRDA:170,9,0,0
BRDA:170,9,1,0
BRDA:172,10,0,0
BRDA:172,10,1,0
BRDA:173,11,0,0
BRDA:173,11,1,0
BRDA:173,11,2,0
BRDA:186,12,0,0
BRDA:186,12,1,0
BRDA:192,13,0,0
BRDA:192,13,1,0
BRDA:192,13,2,0
BRDA:192,13,3,0
BRDA:223,14,0,0
BRDA:223,14,1,0
BRDA:232,15,0,0
BRDA:232,15,1,0
BRDA:257,16,0,0
BRDA:257,16,1,0
BRDA:265,17,0,0
BRDA:265,17,1,0
BRDA:271,18,0,0
BRDA:271,18,1,0
BRDA:283,19,0,0
BRDA:283,19,1,0
BRDA:299,20,0,0
BRDA:299,20,1,0
BRDA:302,21,0,0
BRDA:302,21,1,0
BRDA:311,22,0,0
BRDA:311,22,1,0
BRDA:404,23,0,0
BRDA:404,23,1,0
BRF:46
BRH:0
end_of_record
TN:
SF:app/components/product-tile/promo-callout.jsx
FN:11,(anonymous_0)
FN:12,(anonymous_1)
FNF:2
FNH:0
FNDA:0,(anonymous_0)
FNDA:0,(anonymous_1)
DA:11,1
DA:12,0
DA:15,0
DA:16,0
DA:19,0
DA:22,1
LF:6
LH:2
BRDA:15,0,0,0
BRDA:15,0,1,0
BRDA:15,0,2,0
BRDA:16,1,0,0
BRDA:16,1,1,0
BRF:5
BRH:0
end_of_record
TN:
SF:app/components/product-tile/promo-callout.mock.js
FNF:0
FNH:0
DA:8,0
DA:826,0
LF:2
LH:0
BRF:0
BRH:0
end_of_record
TN:
SF:app/components/product-view/index.jsx
FN:63,(anonymous_0)
FN:119,(anonymous_1)
FN:137,(anonymous_2)
FN:138,(anonymous_3)
FN:154,(anonymous_4)
FN:157,(anonymous_5)
FN:158,(anonymous_6)
FN:210,(anonymous_7)
FN:222,(anonymous_8)
FN:232,(anonymous_9)
FN:266,(anonymous_10)
FN:288,(anonymous_11)
FN:348,(anonymous_12)
FN:381,(anonymous_13)
FN:388,(anonymous_14)
FN:417,(anonymous_15)
FN:495,(anonymous_16)
FN:523,(anonymous_17)
FN:529,(anonymous_18)
FN:539,(anonymous_19)
FN:545,(anonymous_20)
FN:551,(anonymous_21)
FN:555,(anonymous_22)
FN:569,(anonymous_23)
FN:576,(anonymous_24)
FN:682,(anonymous_25)
FN:684,(anonymous_26)
FN:743,(anonymous_27)
FN:770,(anonymous_28)
FN:782,(anonymous_29)
FN:791,(anonymous_30)
FNF:31
FNH:0
FNDA:0,(anonymous_0)
FNDA:0,(anonymous_1)
FNDA:0,(anonymous_2)
FNDA:0,(anonymous_3)
FNDA:0,(anonymous_4)
FNDA:0,(anonymous_5)
FNDA:0,(anonymous_6)
FNDA:0,(anonymous_7)
FNDA:0,(anonymous_8)
FNDA:0,(anonymous_9)
FNDA:0,(anonymous_10)
FNDA:0,(anonymous_11)
FNDA:0,(anonymous_12)
FNDA:0,(anonymous_13)
FNDA:0,(anonymous_14)
FNDA:0,(anonymous_15)
FNDA:0,(anonymous_16)
FNDA:0,(anonymous_17)
FNDA:0,(anonymous_18)
FNDA:0,(anonymous_19)
FNDA:0,(anonymous_20)
FNDA:0,(anonymous_21)
FNDA:0,(anonymous_22)
FNDA:0,(anonymous_23)
FNDA:0,(anonymous_24)
FNDA:0,(anonymous_25)
FNDA:0,(anonymous_26)
FNDA:0,(anonymous_27)
FNDA:0,(anonymous_28)
FNDA:0,(anonymous_29)
FNDA:0,(anonymous_30)
DA:29,1
DA:63,1
DA:71,0
DA:101,1
DA:111,1
DA:118,1
DA:139,0
DA:142,0
DA:143,0
DA:147,0
DA:168,0
DA:169,0
DA:170,0
DA:171,0
DA:173,0
DA:178,0
DA:180,0
DA:181,0
DA:183,0
DA:184,0
DA:185,0
DA:202,0
DA:210,0
DA:211,0
DA:213,0
DA:214,0
DA:215,0
DA:216,0
DA:217,0
DA:218,0
DA:219,0
DA:220,0
DA:222,0
DA:223,0
DA:224,0
DA:225,0
DA:231,0
DA:233,0
DA:236,0
DA:237,0
DA:239,0
DA:240,0
DA:241,0
DA:252,0
DA:253,0
DA:263,0
DA:266,0
DA:267,0
DA:269,0
DA:270,0
DA:271,0
DA:273,0
DA:275,0
DA:276,0
DA:282,0
DA:284,0
DA:288,0
DA:290,0
DA:291,0
DA:293,0
DA:294,0
DA:295,0
DA:296,0
DA:301,0
DA:307,0
DA:308,0
DA:309,0
DA:313,0
DA:316,0
DA:323,0
DA:325,0
DA:327,0
DA:328,0
DA:332,0
DA:335,0
DA:345,0
DA:348,0
DA:349,0
DA:350,0
DA:381,0
DA:382,0
DA:388,0
DA:389,0
DA:391,0
DA:392,0
DA:395,0
DA:396,0
DA:397,0
DA:398,0
DA:400,0
DA:401,0
DA:405,0
DA:406,0
DA:413,0
DA:417,0
DA:418,0
DA:419,0
DA:420,0
DA:421,0
DA:423,0
DA:427,0
DA:428,0
DA:450,0
DA:451,0
DA:472,0
DA:479,0
DA:494,0
DA:495,0
DA:496,0
DA:506,0
DA:511,0
DA:512,0
DA:516,0
DA:520,0
DA:523,0
DA:524,0
DA:525,0
DA:529,0
DA:530,0
DA:535,0
DA:539,0
DA:540,0
DA:541,0
DA:545,0
DA:546,0
DA:547,0
DA:551,0
DA:552,0
DA:553,0
DA:555,0
DA:569,0
DA:570,0
DA:571,0
DA:572,0
DA:576,0
DA:577,0
DA:580,0
DA:683,0
DA:685,0
DA:700,0
DA:701,0
DA:702,0
DA:712,0
DA:713,0
DA:729,0
DA:743,0
DA:772,0
DA:773,0
DA:774,0
DA:775,0
DA:776,0
DA:779,0
DA:784,0
DA:785,0
DA:786,0
DA:787,0
DA:788,0
DA:795,0
DA:1017,1
DA:1019,1
LF:160
LH:7
BRDA:73,0,0,0
BRDA:73,0,1,0
BRDA:84,1,0,0
BRDA:84,1,1,0
BRDA:87,2,0,0
BRDA:87,2,1,0
BRDA:93,3,0,0
BRDA:93,3,1,0
BRDA:123,4,0,0
BRDA:124,5,0,0
BRDA:125,6,0,0
BRDA:131,7,0,0
BRDA:132,8,0,0
BRDA:133,9,0,0
BRDA:136,10,0,0
BRDA:137,11,0,0
BRDA:138,12,0,0
BRDA:139,13,0,0
BRDA:139,13,1,0
BRDA:142,14,0,0
BRDA:142,14,1,0
BRDA:142,15,0,0
BRDA:142,15,1,0
BRDA:148,16,0,0
BRDA:148,16,1,0
BRDA:148,16,2,0
BRDA:148,16,3,0
BRDA:153,17,0,0
BRDA:154,18,0,0
BRDA:155,19,0,0
BRDA:156,20,0,0
BRDA:157,21,0,0
BRDA:158,22,0,0
BRDA:159,23,0,0
BRDA:160,24,0,0
BRDA:161,25,0,0
BRDA:162,26,0,0
BRDA:163,27,0,0
BRDA:164,28,0,0
BRDA:173,29,0,0
BRDA:173,29,1,0
BRDA:225,30,0,0
BRDA:225,30,1,0
BRDA:226,31,0,0
BRDA:226,31,1,0
BRDA:226,31,2,0
BRDA:226,31,3,0
BRDA:237,32,0,0
BRDA:237,32,1,0
BRDA:240,33,0,0
BRDA:240,33,1,0
BRDA:252,34,0,0
BRDA:252,34,1,0
BRDA:266,35,0,0
BRDA:267,36,0,0
BRDA:270,37,0,0
BRDA:270,37,1,0
BRDA:270,37,2,0
BRDA:271,38,0,0
BRDA:271,38,1,0
BRDA:275,39,0,0
BRDA:275,39,1,0
BRDA:293,40,0,0
BRDA:293,40,1,0
BRDA:293,41,0,0
BRDA:293,41,1,0
BRDA:293,41,2,0
BRDA:295,42,0,0
BRDA:295,42,1,0
BRDA:323,43,0,0
BRDA:323,43,1,0
BRDA:325,44,0,0
BRDA:325,44,1,0
BRDA:327,45,0,0
BRDA:327,45,1,0
BRDA:391,46,0,0
BRDA:391,46,1,0
BRDA:395,47,0,0
BRDA:395,47,1,0
BRDA:395,48,0,0
BRDA:395,48,1,0
BRDA:396,49,0,0
BRDA:396,49,1,0
BRDA:397,50,0,0
BRDA:397,50,1,0
BRDA:405,51,0,0
BRDA:405,51,1,0
BRDA:418,52,0,0
BRDA:418,52,1,0
BRDA:418,53,0,0
BRDA:418,53,1,0
BRDA:419,54,0,0
BRDA:419,54,1,0
BRDA:427,55,0,0
BRDA:427,55,1,0
BRDA:427,56,0,0
BRDA:427,56,1,0
BRDA:427,56,2,0
BRDA:438,57,0,0
BRDA:438,57,1,0
BRDA:440,58,0,0
BRDA:440,58,1,0
BRDA:442,59,0,0
BRDA:442,59,1,0
BRDA:450,60,0,0
BRDA:450,60,1,0
BRDA:450,61,0,0
BRDA:450,61,1,0
BRDA:450,61,2,0
BRDA:455,62,0,0
BRDA:455,62,1,0
BRDA:461,63,0,0
BRDA:461,63,1,0
BRDA:463,64,0,0
BRDA:463,64,1,0
BRDA:465,65,0,0
BRDA:465,65,1,0
BRDA:472,66,0,0
BRDA:472,66,1,0
BRDA:473,67,0,0
BRDA:473,67,1,0
BRDA:473,67,2,0
BRDA:473,67,3,0
BRDA:473,67,4,0
BRDA:494,68,0,0
BRDA:494,68,1,0
BRDA:494,69,0,0
BRDA:494,69,1,0
BRDA:499,70,0,0
BRDA:499,70,1,0
BRDA:500,71,0,0
BRDA:500,71,1,0
BRDA:511,72,0,0
BRDA:511,72,1,0
BRDA:516,73,0,0
BRDA:516,73,1,0
BRDA:517,74,0,0
BRDA:517,74,1,0
BRDA:524,75,0,0
BRDA:524,75,1,0
BRDA:530,76,0,0
BRDA:530,76,1,0
BRDA:531,77,0,0
BRDA:531,77,1,0
BRDA:531,77,2,0
BRDA:540,78,0,0
BRDA:540,78,1,0
BRDA:546,79,0,0
BRDA:546,79,1,0
BRDA:546,80,0,0
BRDA:546,80,1,0
BRDA:546,80,2,0
BRDA:546,80,3,0
BRDA:547,81,0,0
BRDA:547,81,1,0
BRDA:552,82,0,0
BRDA:552,82,1,0
BRDA:552,83,0,0
BRDA:552,83,1,0
BRDA:553,84,0,0
BRDA:553,84,1,0
BRDA:571,85,0,0
BRDA:571,85,1,0
BRDA:571,86,0,0
BRDA:571,86,1,0
BRDA:588,87,0,0
BRDA:588,87,1,0
BRDA:594,88,0,0
BRDA:594,88,1,0
BRDA:596,89,0,0
BRDA:596,89,1,0
BRDA:602,90,0,0
BRDA:602,90,1,0
BRDA:605,91,0,0
BRDA:605,91,1,0
BRDA:605,91,2,0
BRDA:622,92,0,0
BRDA:622,92,1,0
BRDA:636,93,0,0
BRDA:636,93,1,0
BRDA:636,94,0,0
BRDA:636,94,1,0
BRDA:637,95,0,0
BRDA:637,95,1,0
BRDA:637,96,0,0
BRDA:637,96,1,0
BRDA:638,97,0,0
BRDA:638,97,1,0
BRDA:638,98,0,0
BRDA:638,98,1,0
BRDA:647,99,0,0
BRDA:647,99,1,0
BRDA:653,100,0,0
BRDA:653,100,1,0
BRDA:671,101,0,0
BRDA:671,101,1,0
BRDA:685,102,0,0
BRDA:685,102,1,0
BRDA:694,103,0,0
BRDA:694,103,1,0
BRDA:712,104,0,0
BRDA:712,104,1,0
BRDA:712,104,2,0
BRDA:720,105,0,0
BRDA:720,105,1,0
BRDA:733,106,0,0
BRDA:733,106,1,0
BRDA:742,107,0,0
BRDA:742,107,1,0
BRDA:753,108,0,0
BRDA:753,108,1,0
BRDA:753,108,2,0
BRDA:769,109,0,0
BRDA:769,109,1,0
BRDA:772,110,0,0
BRDA:772,110,1,0
BRDA:774,111,0,0
BRDA:774,111,1,0
BRDA:776,112,0,0
BRDA:776,112,1,0
BRDA:785,113,0,0
BRDA:785,113,1,0
BRDA:785,114,0,0
BRDA:785,114,1,0
BRDA:787,115,0,0
BRDA:787,115,1,0
BRDA:802,116,0,0
BRDA:802,116,1,0
BRDA:802,116,2,0
BRDA:814,117,0,0
BRDA:814,117,1,0
BRDA:814,117,2,0
BRDA:826,118,0,0
BRDA:826,118,1,0
BRDA:830,119,0,0
BRDA:830,119,1,0
BRDA:830,119,2,0
BRDA:830,119,3,0
BRDA:837,120,0,0
BRDA:837,120,1,0
BRDA:837,120,2,0
BRDA:845,121,0,0
BRDA:845,121,1,0
BRDA:856,122,0,0
BRDA:856,122,1,0
BRDA:873,123,0,0
BRDA:873,123,1,0
BRDA:877,124,0,0
BRDA:877,124,1,0
BRDA:877,124,2,0
BRDA:877,124,3,0
BRDA:893,125,0,0
BRDA:893,125,1,0
BRDA:895,126,0,0
BRDA:895,126,1,0
BRDA:895,126,2,0
BRDA:902,127,0,0
BRDA:902,127,1,0
BRDA:949,128,0,0
BRDA:949,128,1,0
BRDA:949,128,2,0
BRDA:949,128,3,0
BRDA:979,129,0,0
BRDA:979,129,1,0
BRDA:997,130,0,0
BRDA:997,130,1,0
BRDA:997,131,0,0
BRDA:997,131,1,0
BRDA:1011,132,0,0
BRDA:1011,132,1,0
BRF:270
BRH:0
end_of_record
TN:
SF:app/components/product-view-modal/bundle.jsx
FN:33,(anonymous_0)
FN:52,(anonymous_1)
FN:55,(anonymous_2)
FN:113,(anonymous_3)
FN:116,(anonymous_4)
FN:118,(anonymous_5)
FN:128,(anonymous_6)
FN:139,(anonymous_7)
FN:157,(anonymous_8)
FN:158,(anonymous_9)
FNF:10
FNH:0
FNDA:0,(anonymous_0)
FNDA:0,(anonymous_1)
FNDA:0,(anonymous_2)
FNDA:0,(anonymous_3)
FNDA:0,(anonymous_4)
FNDA:0,(anonymous_5)
FNDA:0,(anonymous_6)
FNDA:0,(anonymous_7)
FNDA:0,(anonymous_8)
FNDA:0,(anonymous_9)
DA:33,0
DA:41,0
DA:42,0
DA:43,0
DA:44,0
DA:45,0
DA:46,0
DA:49,0
DA:51,0
DA:52,0
DA:54,0
DA:55,0
DA:57,0
DA:58,0
DA:61,0
DA:69,0
DA:70,0
DA:78,0
DA:114,0
DA:117,0
DA:118,0
DA:129,0
DA:133,0
DA:135,0
DA:141,0
DA:158,0
DA:159,0
DA:160,0
DA:161,0
DA:175,0
LF:30
LH:0
BRDA:55,0,0,0
BRDA:55,0,1,0
BRDA:57,1,0,0
BRDA:57,1,1,0
BRDA:57,2,0,0
BRDA:57,2,1,0
BRDA:91,3,0,0
BRDA:91,3,1,0
BRDA:127,4,0,0
BRDA:127,4,1,0
BRF:10
BRH:0
end_of_record
TN:
SF:app/components/product-view-modal/index.jsx
FN:24,(anonymous_0)
FNF:1
FNH:0
FNDA:0,(anonymous_0)
DA:24,0
DA:25,0
DA:27,0
DA:28,0
DA:36,0
DA:55,0
LF:6
LH:0
BRF:0
BRH:0
end_of_record
TN:
SF:app/components/promo-code/index.jsx
FN:26,(anonymous_0)
FN:35,(anonymous_1)
FN:71,(anonymous_2)
FN:77,(anonymous_3)
FN:88,(anonymous_4)
FN:103,(anonymous_5)
FN:106,(anonymous_6)
FN:113,(anonymous_7)
FN:115,(anonymous_8)
FN:124,(anonymous_9)
FNF:10
FNH:0
FNDA:0,(anonymous_0)
FNDA:0,(anonymous_1)
FNDA:0,(anonymous_2)
FNDA:0,(anonymous_3)
FNDA:0,(anonymous_4)
FNDA:0,(anonymous_5)
FNDA:0,(anonymous_6)
FNDA:0,(anonymous_7)
FNDA:0,(anonymous_8)
FNDA:0,(anonymous_9)
DA:26,0
DA:27,0
DA:28,0
DA:29,0
DA:30,0
DA:32,0
DA:33,0
DA:35,0
DA:36,0
DA:37,0
DA:44,0
DA:46,0
DA:56,0
DA:71,0
DA:72,0
DA:78,0
DA:89,0
DA:100,0
DA:103,0
DA:104,0
DA:106,0
DA:107,0
DA:108,0
DA:112,0
DA:113,0
DA:116,0
DA:124,0
DA:153,0
LF:28
LH:0
BRDA:107,0,0,0
BRDA:107,0,1,0
BRDA:113,1,0,0
BRDA:113,1,1,0
BRDA:123,2,0,0
BRDA:123,2,1,0
BRF:6
BRH:0
end_of_record
TN:
SF:app/components/promo-popover/index.jsx
FN:29,(anonymous_0)
FNF:1
FNH:0
FNDA:0,(anonymous_0)
DA:29,0
DA:30,0
DA:31,0
DA:80,0
LF:4
LH:0
BRDA:63,0,0,0
BRDA:63,0,1,0
BRF:2
BRH:0
end_of_record
TN:
SF:app/components/quantity-picker/index.jsx
FN:29,(anonymous_0)
FN:36,(anonymous_1)
FN:87,(anonymous_2)
FN:93,(anonymous_3)
FNF:4
FNH:0
FNDA:0,(anonymous_0)
FNDA:0,(anonymous_1)
FNDA:0,(anonymous_2)
FNDA:0,(anonymous_3)
DA:29,1
DA:30,0
DA:31,0
DA:32,0
DA:38,0
DA:42,0
DA:46,0
DA:50,0
DA:60,0
DA:70,0
DA:81,0
DA:82,0
DA:87,0
DA:88,0
DA:89,0
DA:90,0
DA:93,0
DA:94,0
DA:95,0
DA:96,0
DA:100,0
DA:116,1
LF:22
LH:2
BRDA:88,0,0,0
BRDA:88,0,1,0
BRDA:88,1,0,0
BRDA:88,1,1,0
BRDA:94,2,0,0
BRDA:94,2,1,0
BRDA:94,3,0,0
BRDA:94,3,1,0
BRF:8
BRH:0
end_of_record
TN:
SF:app/components/radio-card/index.jsx
FN:14,(anonymous_0)
FN:63,(anonymous_1)
FNF:2
FNH:0
FNDA:0,(anonymous_0)
FNDA:0,(anonymous_1)
DA:12,0
DA:14,0
DA:15,0
DA:16,0
DA:18,0
DA:19,0
DA:20,0
DA:63,0
DA:64,0
DA:65,0
DA:67,0
DA:74,0
DA:75,0
LF:13
LH:0
BRDA:41,0,0,0
BRDA:41,0,1,0
BRF:2
BRH:0
end_of_record
TN:
SF:app/components/recommended-products/index.jsx
FN:33,(anonymous_0)
FN:61,(anonymous_1)
FN:80,(anonymous_2)
FN:88,(anonymous_3)
FN:94,(anonymous_4)
FN:101,(anonymous_5)
FN:108,(anonymous_6)
FN:120,(anonymous_7)
FN:148,(anonymous_8)
FN:161,(anonymous_9)
FN:164,(anonymous_10)
FN:195,(anonymous_11)
FN:196,(anonymous_12)
FN:207,(anonymous_13)
FN:209,(anonymous_14)
FNF:15
FNH:0
FNDA:0,(anonymous_0)
FNDA:0,(anonymous_1)
FNDA:0,(anonymous_2)
FNDA:0,(anonymous_3)
FNDA:0,(anonymous_4)
FNDA:0,(anonymous_5)
FNDA:0,(anonymous_6)
FNDA:0,(anonymous_7)
FNDA:0,(anonymous_8)
FNDA:0,(anonymous_9)
FNDA:0,(anonymous_10)
FNDA:0,(anonymous_11)
FNDA:0,(anonymous_12)
FNDA:0,(anonymous_13)
FNDA:0,(anonymous_14)
DA:33,1
DA:41,0
DA:42,0
DA:43,0
DA:44,0
DA:45,0
DA:47,0
DA:50,0
DA:53,0
DA:54,0
DA:55,0
DA:57,0
DA:58,0
DA:59,0
DA:61,0
DA:64,0
DA:65,0
DA:70,0
DA:71,0
DA:72,0
DA:74,0
DA:75,0
DA:76,0
DA:80,0
DA:83,0
DA:84,0
DA:86,0
DA:88,0
DA:90,0
DA:94,0
DA:95,0
DA:96,0
DA:101,0
DA:103,0
DA:108,0
DA:115,0
DA:116,0
DA:120,0
DA:121,0
DA:122,0
DA:123,0
DA:125,0
DA:139,0
DA:148,0
DA:154,0
DA:161,0
DA:162,0
DA:163,0
DA:164,0
DA:166,0
DA:167,0
DA:169,0
DA:176,0
DA:182,0
DA:189,0
DA:195,0
DA:197,0
DA:207,0
DA:210,0
DA:211,0
DA:219,1
LF:61
LH:2
BRDA:64,0,0,0
BRDA:64,0,1,0
BRDA:64,1,0,0
BRDA:64,1,1,0
BRDA:70,2,0,0
BRDA:70,2,1,0
BRDA:74,3,0,0
BRDA:74,3,1,0
BRDA:83,4,0,0
BRDA:83,4,1,0
BRDA:86,5,0,0
BRDA:86,5,1,0
BRDA:87,6,0,0
BRDA:87,6,1,0
BRDA:95,7,0,0
BRDA:95,7,1,0
BRDA:95,8,0,0
BRDA:95,8,1,0
BRDA:115,9,0,0
BRDA:115,9,1,0
BRDA:115,10,0,0
BRDA:115,10,1,0
BRDA:115,10,2,0
BRDA:122,11,0,0
BRDA:122,11,1,0
BRDA:122,12,0,0
BRDA:122,12,1,0
BRDA:166,13,0,0
BRDA:166,13,1,0
BRDA:166,14,0,0
BRDA:166,14,1,0
BRDA:166,14,2,0
BRDA:192,15,0,0
BRDA:192,15,1,0
BRDA:210,16,0,0
BRDA:210,16,1,0
BRF:36
BRH:0
end_of_record
TN:
SF:app/components/register/index.jsx
FN:23,(anonymous_0)
FN:60,(anonymous_1)
FN:89,(anonymous_2)
FN:95,(anonymous_3)
FNF:4
FNH:0
FNDA:0,(anonymous_0)
FNDA:0,(anonymous_1)
FNDA:0,(anonymous_2)
FNDA:0,(anonymous_3)
DA:23,1
DA:24,0
DA:60,0
DA:90,0
DA:96,0
DA:114,1
LF:6
LH:2
BRDA:23,0,0,0
BRDA:48,1,0,0
BRDA:48,1,1,0
BRF:3
BRH:0
end_of_record
TN:
SF:app/components/reset-password/index.jsx
FN:16,(anonymous_0)
FN:52,(anonymous_1)
FN:97,(anonymous_2)
FNF:3
FNH:0
FNDA:0,(anonymous_0)
FNDA:0,(anonymous_1)
FNDA:0,(anonymous_2)
DA:16,1
DA:17,0
DA:52,0
DA:97,0
DA:115,1
LF:5
LH:2
BRDA:16,0,0,0
BRDA:19,1,0,0
BRDA:19,1,1,0
BRDA:40,2,0,0
BRDA:40,2,1,0
BRF:5
BRH:0
end_of_record
TN:
SF:app/components/responsive/index.jsx
FN:16,(anonymous_0)
FN:30,(anonymous_1)
FNF:2
FNH:0
FNDA:0,(anonymous_0)
FNDA:0,(anonymous_1)
DA:16,1
DA:17,0
DA:21,1
DA:30,1
DA:31,0
DA:35,1
LF:6
LH:4
BRF:0
BRH:0
end_of_record
TN:
SF:app/components/scroll-to-top/index.jsx
FN:16,ScrollToTop
FN:19,(anonymous_1)
FNF:2
FNH:0
FNDA:0,ScrollToTop
FNDA:0,(anonymous_1)
DA:17,0
DA:19,0
DA:20,0
DA:23,0
LF:4
LH:0
BRF:0
BRH:0
end_of_record
TN:
SF:app/components/search/index.jsx
FN:55,isAskAgentOnSearchEnabled
FN:59,(anonymous_1)
FN:62,(anonymous_2)
FN:73,(anonymous_3)
FN:84,(anonymous_4)
FN:93,(anonymous_5)
FN:104,(anonymous_6)
FN:113,(anonymous_7)
FN:133,(anonymous_8)
FN:145,(anonymous_9)
FN:149,(anonymous_10)
FN:181,(anonymous_11)
FN:186,(anonymous_12)
FN:197,(anonymous_13)
FN:202,(anonymous_14)
FN:214,(anonymous_15)
FN:219,(anonymous_16)
FN:228,(anonymous_17)
FN:234,(anonymous_18)
FN:263,(anonymous_19)
FN:264,(anonymous_20)
FN:272,(anonymous_21)
FN:283,(anonymous_22)
FN:288,(anonymous_23)
FN:298,(anonymous_24)
FN:306,(anonymous_25)
FN:311,(anonymous_26)
FN:322,(anonymous_27)
FN:325,(anonymous_28)
FN:343,(anonymous_29)
FN:354,(anonymous_30)
FN:361,(anonymous_31)
FN:374,(anonymous_32)
FN:392,(anonymous_33)
FN:393,(anonymous_34)
FN:394,(anonymous_35)
FN:406,(anonymous_36)
FNF:37
FNH:0
FNDA:0,isAskAgentOnSearchEnabled
FNDA:0,(anonymous_1)
FNDA:0,(anonymous_2)
FNDA:0,(anonymous_3)
FNDA:0,(anonymous_4)
FNDA:0,(anonymous_5)
FNDA:0,(anonymous_6)
FNDA:0,(anonymous_7)
FNDA:0,(anonymous_8)
FNDA:0,(anonymous_9)
FNDA:0,(anonymous_10)
FNDA:0,(anonymous_11)
FNDA:0,(anonymous_12)
FNDA:0,(anonymous_13)
FNDA:0,(anonymous_14)
FNDA:0,(anonymous_15)
FNDA:0,(anonymous_16)
FNDA:0,(anonymous_17)
FNDA:0,(anonymous_18)
FNDA:0,(anonymous_19)
FNDA:0,(anonymous_20)
FNDA:0,(anonymous_21)
FNDA:0,(anonymous_22)
FNDA:0,(anonymous_23)
FNDA:0,(anonymous_24)
FNDA:0,(anonymous_25)
FNDA:0,(anonymous_26)
FNDA:0,(anonymous_27)
FNDA:0,(anonymous_28)
FNDA:0,(anonymous_29)
FNDA:0,(anonymous_30)
FNDA:0,(anonymous_31)
FNDA:0,(anonymous_32)
FNDA:0,(anonymous_33)
FNDA:0,(anonymous_34)
FNDA:0,(anonymous_35)
FNDA:0,(anonymous_36)
DA:53,0
DA:56,0
DA:59,0
DA:60,0
DA:63,0
DA:74,0
DA:86,0
DA:94,0
DA:105,0
DA:114,0
DA:133,0
DA:134,0
DA:137,0
DA:138,0
DA:139,0
DA:140,0
DA:141,0
DA:142,0
DA:144,0
DA:145,0
DA:148,0
DA:150,0
DA:156,0
DA:158,0
DA:159,0
DA:160,0
DA:162,0
DA:174,0
DA:175,0
DA:179,0
DA:180,0
DA:181,0
DA:186,0
DA:187,0
DA:191,0
DA:197,0
DA:199,0
DA:202,0
DA:203,0
DA:208,0
DA:211,0
DA:214,0
DA:215,0
DA:216,0
DA:219,0
DA:220,0
DA:221,0
DA:222,0
DA:224,0
DA:228,0
DA:229,0
DA:230,0
DA:234,0
DA:236,0
DA:237,0
DA:238,0
DA:263,0
DA:264,0
DA:265,0
DA:266,0
DA:271,0
DA:272,0
DA:273,0
DA:281,0
DA:283,0
DA:285,0
DA:288,0
DA:290,0
DA:292,0
DA:293,0
DA:294,0
DA:296,0
DA:301,0
DA:302,0
DA:303,0
DA:307,0
DA:311,0
DA:312,0
DA:314,0
DA:316,0
DA:317,0
DA:320,0
DA:322,0
DA:323,0
DA:326,0
DA:327,0
DA:332,0
DA:338,0
DA:339,0
DA:340,0
DA:343,0
DA:344,0
DA:345,0
DA:346,0
DA:348,0
DA:349,0
DA:350,0
DA:354,0
DA:356,0
DA:357,0
DA:358,0
DA:361,0
DA:364,0
DA:368,0
DA:370,0
DA:374,0
DA:375,0
DA:376,0
DA:379,0
DA:392,0
DA:393,0
DA:394,0
DA:406,0
DA:473,0
LF:114
LH:0
BRDA:56,0,0,0
BRDA:56,0,1,0
BRDA:56,0,2,0
BRDA:191,1,0,0
BRDA:191,1,1,0
BRDA:191,1,2,0
BRDA:191,1,3,0
BRDA:191,1,4,0
BRDA:199,2,0,0
BRDA:199,2,1,0
BRDA:221,3,0,0
BRDA:221,3,1,0
BRDA:236,4,0,0
BRDA:236,4,1,0
BRDA:237,5,0,0
BRDA:237,5,1,0
BRDA:265,6,0,0
BRDA:265,6,1,0
BRDA:265,7,0,0
BRDA:265,7,1,0
BRDA:266,8,0,0
BRDA:266,8,1,0
BRDA:267,9,0,0
BRDA:267,9,1,0
BRDA:267,9,2,0
BRDA:292,10,0,0
BRDA:292,10,1,0
BRDA:301,11,0,0
BRDA:301,11,1,0
BRDA:316,12,0,0
BRDA:316,12,1,0
BRDA:320,13,0,0
BRDA:320,13,1,0
BRDA:320,14,0,0
BRDA:320,14,1,0
BRDA:327,15,0,0
BRDA:327,15,1,0
[...]
BRDA:158,19,1,0
BRDA:203,20,0,0
BRDA:203,20,1,7
BRDA:207,21,0,7
BRDA:207,21,1,0
BRDA:220,22,0,0
BRDA:220,22,1,0
BRDA:227,23,0,0
BRDA:227,23,1,0
BRDA:231,24,0,0
BRDA:231,24,1,0
BRDA:233,25,0,0
BRDA:233,25,1,0
BRDA:239,26,0,0
BRDA:239,26,1,0
BRDA:262,27,0,0
BRDA:262,27,1,0
BRDA:273,28,0,0
BRDA:273,28,1,0
BRDA:276,29,0,0
BRDA:276,29,1,0
BRDA:279,30,0,0
BRDA:279,30,1,0
BRF:61
BRH:10
end_of_record
TN:
SF:app/utils/url.js
FN:35,(anonymous_0)
FN:48,(anonymous_1)
FN:49,(anonymous_2)
FN:81,(anonymous_3)
FN:82,(anonymous_4)
FN:90,(anonymous_5)
FN:98,(anonymous_6)
FN:106,(anonymous_7)
FN:118,(anonymous_8)
FN:146,(anonymous_9)
FN:175,(anonymous_10)
FN:202,(anonymous_11)
FN:241,(anonymous_12)
FN:244,(anonymous_13)
FN:267,(anonymous_14)
FN:308,(anonymous_15)
FNF:16
FNH:1
FNDA:0,(anonymous_0)
FNDA:0,(anonymous_1)
FNDA:0,(anonymous_2)
FNDA:0,(anonymous_3)
FNDA:0,(anonymous_4)
FNDA:0,(anonymous_5)
FNDA:0,(anonymous_6)
FNDA:0,(anonymous_7)
FNDA:0,(anonymous_8)
FNDA:0,(anonymous_9)
FNDA:7,(anonymous_10)
FNDA:0,(anonymous_11)
FNDA:0,(anonymous_12)
FNDA:0,(anonymous_13)
FNDA:0,(anonymous_14)
FNDA:0,(anonymous_15)
DA:35,1
DA:36,0
DA:37,0
DA:39,0
DA:42,0
DA:45,0
DA:48,1
DA:49,0
DA:51,0
DA:52,0
DA:54,0
DA:81,1
DA:82,0
DA:90,1
DA:98,1
DA:106,1
DA:118,1
DA:119,0
DA:120,0
DA:121,0
DA:124,0
DA:125,0
DA:128,0
DA:129,0
DA:130,0
DA:133,0
DA:134,0
DA:135,0
DA:138,0
DA:141,0
DA:143,0
DA:145,0
DA:146,0
DA:147,0
DA:151,0
DA:152,0
DA:155,0
DA:163,0
DA:175,1
DA:176,7
DA:177,7
DA:178,7
DA:179,7
DA:182,7
DA:184,7
DA:187,7
DA:190,7
DA:193,7
DA:196,7
DA:199,7
DA:202,7
DA:204,0
DA:208,0
DA:210,0
DA:212,0
DA:213,0
DA:214,0
DA:215,0
DA:216,0
DA:217,0
DA:218,0
DA:221,0
DA:241,1
DA:242,0
DA:243,0
DA:244,0
DA:245,0
DA:246,0
DA:251,0
DA:253,0
DA:267,1
DA:268,0
DA:270,0
DA:271,0
DA:274,0
DA:275,0
DA:278,0
DA:279,0
DA:282,0
DA:308,1
DA:310,0
LF:81
LH:23
BRDA:45,0,0,0
BRDA:45,0,1,0
BRDA:51,1,0,0
BRDA:51,1,1,0
BRDA:51,2,0,0
BRDA:51,2,1,0
BRDA:81,3,0,0
BRDA:81,4,0,0
BRDA:81,5,0,0
BRDA:81,6,0,0
BRDA:118,7,0,0
BRDA:119,8,0,0
BRDA:119,8,1,0
BRDA:128,9,0,0
BRDA:128,9,1,0
BRDA:133,10,0,0
BRDA:133,10,1,0
BRDA:141,11,0,0
BRDA:145,12,0,0
BRDA:145,12,1,0
BRDA:156,13,0,0
BRDA:156,13,1,0
BRDA:159,14,0,0
BRDA:159,14,1,0
BRDA:160,15,0,0
BRDA:160,15,1,0
BRDA:182,16,0,7
BRDA:182,16,1,7
BRDA:182,16,2,7
BRDA:184,17,0,7
BRDA:184,17,1,0
BRDA:184,17,2,0
BRDA:187,18,0,7
BRDA:187,18,1,0
BRDA:187,18,2,7
BRDA:187,18,3,0
BRDA:187,18,4,0
BRDA:190,19,0,7
BRDA:190,19,1,0
BRDA:190,19,2,7
BRDA:190,19,3,0
BRDA:190,19,4,0
BRDA:193,20,0,7
BRDA:193,20,1,7
BRDA:196,21,0,7
BRDA:196,21,1,7
BRDA:196,21,2,0
BRDA:196,21,3,0
BRDA:196,21,4,0
BRDA:199,22,0,7
BRDA:199,22,1,7
BRDA:199,22,2,0
BRDA:199,22,3,0
BRDA:199,22,4,0
BRDA:204,23,0,0
BRDA:204,23,1,0
BRDA:204,23,2,0
BRDA:204,23,3,0
BRDA:204,23,4,0
BRDA:204,23,5,0
BRDA:204,23,6,0
BRDA:208,24,0,0
BRDA:208,24,1,0
BRDA:208,25,0,0
BRDA:208,25,1,0
BRDA:208,25,2,0
BRDA:210,26,0,0
BRDA:210,26,1,0
BRDA:210,27,0,0
BRDA:210,27,1,0
BRDA:210,27,2,0
BRDA:212,28,0,0
BRDA:212,28,1,0
BRDA:212,28,2,0
BRDA:212,28,3,0
BRDA:214,29,0,0
BRDA:214,29,1,0
BRDA:216,30,0,0
BRDA:216,30,1,0
BRDA:216,30,2,0
BRDA:217,31,0,0
BRDA:217,31,1,0
BRDA:217,31,2,0
BRDA:245,32,0,0
BRDA:245,32,1,0
BRDA:253,33,0,0
BRDA:253,33,1,0
BRDA:267,34,0,0
BRDA:274,35,0,0
BRDA:274,35,1,0
BRDA:278,36,0,0
BRDA:278,36,1,0
BRF:92
BRH:14
end_of_record
TN:
SF:app/utils/utils.js
FN:16,(anonymous_0)
FN:20,(anonymous_1)
FN:24,(anonymous_2)
FN:25,(anonymous_3)
FN:26,(anonymous_4)
FN:29,(anonymous_5)
FN:42,(anonymous_6)
FN:62,(anonymous_7)
FN:69,(anonymous_8)
FN:70,(anonymous_9)
FN:94,(anonymous_10)
FN:110,(anonymous_11)
FN:118,(anonymous_12)
FN:127,(anonymous_13)
FN:135,(anonymous_14)
FN:144,(anonymous_15)
FN:148,(anonymous_16)
FN:152,(anonymous_17)
FN:156,(anonymous_18)
FN:161,(anonymous_19)
FN:165,(anonymous_20)
FN:169,(anonymous_21)
FN:191,(anonymous_22)
FN:192,(anonymous_23)
FN:193,(anonymous_24)
FN:203,(anonymous_25)
FN:217,(anonymous_26)
FNF:27
FNH:0
FNDA:0,(anonymous_0)
FNDA:0,(anonymous_1)
FNDA:0,(anonymous_2)
FNDA:0,(anonymous_3)
FNDA:0,(anonymous_4)
FNDA:0,(anonymous_5)
FNDA:0,(anonymous_6)
FNDA:0,(anonymous_7)
FNDA:0,(anonymous_8)
FNDA:0,(anonymous_9)
FNDA:0,(anonymous_10)
FNDA:0,(anonymous_11)
FNDA:0,(anonymous_12)
FNDA:0,(anonymous_13)
FNDA:0,(anonymous_14)
FNDA:0,(anonymous_15)
FNDA:0,(anonymous_16)
FNDA:0,(anonymous_17)
FNDA:0,(anonymous_18)
FNDA:0,(anonymous_19)
FNDA:0,(anonymous_20)
FNDA:0,(anonymous_21)
FNDA:0,(anonymous_22)
FNDA:0,(anonymous_23)
FNDA:0,(anonymous_24)
FNDA:0,(anonymous_25)
FNDA:0,(anonymous_26)
DA:16,1
DA:17,0
DA:18,0
DA:20,0
DA:24,1
DA:25,0
DA:26,0
DA:27,0
DA:28,0
DA:29,0
DA:30,0
DA:31,0
DA:33,0
DA:42,1
DA:43,0
DA:44,0
DA:45,0
DA:48,0
DA:49,0
DA:50,0
DA:53,0
DA:62,1
DA:69,1
DA:70,0
DA:71,0
DA:76,0
DA:87,1
DA:94,1
DA:95,0
DA:96,0
DA:98,0
DA:99,0
DA:100,0
DA:102,0
DA:110,1
DA:111,0
DA:118,1
DA:119,0
DA:127,1
DA:135,1
DA:136,0
DA:144,1
DA:145,0
DA:148,0
DA:152,1
DA:153,0
DA:154,0
DA:156,0
DA:157,0
DA:161,1
DA:162,0
DA:165,1
DA:166,0
DA:167,0
DA:169,0
DA:170,0
DA:173,0
DA:174,0
DA:175,0
DA:178,0
DA:191,1
DA:192,0
DA:193,0
DA:194,0
DA:196,0
DA:203,1
DA:217,1
DA:218,0
DA:219,0
DA:220,0
DA:222,0
LF:71
LH:18
BRDA:17,0,0,0
BRDA:17,0,1,0
BRDA:24,1,0,0
BRDA:44,2,0,0
BRDA:44,2,1,0
BRDA:44,3,0,0
BRDA:44,3,1,0
BRDA:49,4,0,0
BRDA:49,4,1,0
BRDA:49,5,0,0
BRDA:49,5,1,0
BRDA:69,6,0,0
BRDA:70,7,0,0
BRDA:70,7,1,0
BRDA:71,8,0,0
BRDA:71,8,1,0
BRDA:71,9,0,0
BRDA:71,9,1,0
BRDA:95,10,0,0
BRDA:95,10,1,0
BRDA:99,11,0,0
BRDA:99,11,1,0
BRDA:153,12,0,0
BRDA:153,12,1,0
BRDA:153,13,0,0
BRDA:153,13,1,0
BRDA:162,14,0,0
BRDA:162,14,1,0
BRDA:162,14,2,0
BRDA:166,15,0,0
BRDA:166,15,1,0
BRDA:174,16,0,0
BRDA:174,16,1,0
BRDA:191,17,0,0
BRDA:191,18,0,0
BRDA:194,19,0,0
BRDA:194,19,1,0
BRDA:203,20,0,0
BRDA:203,20,1,0
BRDA:217,21,0,0
BRDA:217,22,0,0
BRDA:218,23,0,0
BRDA:218,23,1,0
BRDA:219,24,0,0
BRDA:219,24,1,0
BRF:45
BRH:0
end_of_record
TN:
SF:app/utils/bonus-product/business-logic.js
FN:60,(anonymous_0)
FN:84,(anonymous_1)
FN:108,(anonymous_2)
FN:127,(anonymous_3)
FNF:4
FNH:0
FNDA:0,(anonymous_0)
FNDA:0,(anonymous_1)
FNDA:0,(anonymous_2)
FNDA:0,(anonymous_3)
DA:60,1
DA:61,0
DA:62,0
DA:66,0
DA:67,0
DA:68,0
DA:70,0
DA:84,1
DA:90,0
DA:91,0
DA:95,0
DA:102,0
DA:103,0
DA:108,0
DA:112,0
DA:127,1
DA:134,0
DA:135,0
DA:136,0
DA:141,0
DA:142,0
DA:143,0
DA:148,0
DA:154,0
DA:155,0
DA:158,0
LF:26
LH:3
BRDA:61,0,0,0
BRDA:61,0,1,0
BRDA:67,1,0,0
BRDA:67,1,1,0
BRDA:70,2,0,0
BRDA:70,2,1,0
BRDA:88,3,0,0
BRDA:90,4,0,0
BRDA:90,4,1,0
BRDA:90,5,0,0
BRDA:90,5,1,0
BRDA:90,5,2,0
BRDA:102,6,0,0
BRDA:102,6,1,0
BRDA:108,7,0,0
BRDA:108,7,1,0
BRDA:131,8,0,0
BRDA:135,9,0,0
BRDA:135,9,1,0
BRDA:142,10,0,0
BRDA:142,10,1,0
BRDA:154,11,0,0
BRDA:154,11,1,0
BRF:23
BRH:0
end_of_record
TN:
SF:app/utils/bonus-product/calculations.js
FN:29,(anonymous_0)
FN:36,(anonymous_1)
FN:40,(anonymous_2)
FN:45,(anonymous_3)
FN:49,(anonymous_4)
FN:53,(anonymous_5)
FNF:6
FNH:0
FNDA:0,(anonymous_0)
FNDA:0,(anonymous_1)
FNDA:0,(anonymous_2)
FNDA:0,(anonymous_3)
FNDA:0,(anonymous_4)
FNDA:0,(anonymous_5)
DA:29,1
DA:30,0
DA:31,0
DA:36,0
DA:39,0
DA:40,0
DA:45,0
DA:47,0
DA:50,0
DA:53,0
DA:55,0
LF:11
LH:1
BRDA:30,0,0,0
BRDA:30,0,1,0
BRDA:30,1,0,0
BRDA:30,1,1,0
BRDA:36,2,0,0
BRDA:36,2,1,0
BRDA:40,3,0,0
BRDA:40,3,1,0
BRDA:47,4,0,0
BRDA:47,4,1,0
BRDA:50,5,0,0
BRDA:50,5,1,0
BRDA:53,6,0,0
BRDA:53,6,1,0
BRF:14
BRH:0
end_of_record
TN:
SF:app/utils/bonus-product/cart.js
FN:37,(anonymous_0)
FN:44,(anonymous_1)
FN:55,(anonymous_2)
FN:58,(anonymous_3)
FN:78,(anonymous_4)
FN:81,(anonymous_5)
FN:87,(anonymous_6)
FN:88,(anonymous_7)
FN:116,(anonymous_8)
FN:144,(anonymous_9)
FN:159,(anonymous_10)
FN:168,(anonymous_11)
FN:177,(anonymous_12)
FN:181,(anonymous_13)
FN:199,(anonymous_14)
FN:209,(anonymous_15)
FN:216,(anonymous_16)
FN:232,(anonymous_17)
FN:234,(anonymous_18)
FN:235,(anonymous_19)
FN:246,(anonymous_20)
FN:247,(anonymous_21)
FN:285,(anonymous_22)
FN:309,(anonymous_23)
FN:318,(anonymous_24)
FN:322,(anonymous_25)
FN:331,(anonymous_26)
FN:338,(anonymous_27)
FN:339,(anonymous_28)
FN:357,(anonymous_29)
FN:369,(anonymous_30)
FN:388,(anonymous_31)
FN:401,(anonymous_32)
FN:404,(anonymous_33)
FN:416,(anonymous_34)
FN:423,(anonymous_35)
FN:436,(anonymous_36)
FN:437,(anonymous_37)
FN:440,(anonymous_38)
FN:457,(anonymous_39)
FN:475,(anonymous_40)
FN:506,(anonymous_41)
FN:507,(anonymous_42)
FN:524,(anonymous_43)
FN:564,(anonymous_44)
FN:573,(anonymous_45)
FNF:46
FNH:0
FNDA:0,(anonymous_0)
FNDA:0,(anonymous_1)
FNDA:0,(anonymous_2)
FNDA:0,(anonymous_3)
FNDA:0,(anonymous_4)
FNDA:0,(anonymous_5)
FNDA:0,(anonymous_6)
FNDA:0,(anonymous_7)
FNDA:0,(anonymous_8)
FNDA:0,(anonymous_9)
FNDA:0,(anonymous_10)
FNDA:0,(anonymous_11)
FNDA:0,(anonymous_12)
FNDA:0,(anonymous_13)
FNDA:0,(anonymous_14)
FNDA:0,(anonymous_15)
FNDA:0,(anonymous_16)
FNDA:0,(anonymous_17)
FNDA:0,(anonymous_18)
FNDA:0,(anonymous_19)
FNDA:0,(anonymous_20)
FNDA:0,(anonymous_21)
FNDA:0,(anonymous_22)
FNDA:0,(anonymous_23)
FNDA:0,(anonymous_24)
FNDA:0,(anonymous_25)
FNDA:0,(anonymous_26)
FNDA:0,(anonymous_27)
FNDA:0,(anonymous_28)
FNDA:0,(anonymous_29)
FNDA:0,(anonymous_30)
FNDA:0,(anonymous_31)
FNDA:0,(anonymous_32)
FNDA:0,(anonymous_33)
FNDA:0,(anonymous_34)
FNDA:0,(anonymous_35)
FNDA:0,(anonymous_36)
FNDA:0,(anonymous_37)
FNDA:0,(anonymous_38)
FNDA:0,(anonymous_39)
FNDA:0,(anonymous_40)
FNDA:0,(anonymous_41)
FNDA:0,(anonymous_42)
FNDA:0,(anonymous_43)
FNDA:0,(anonymous_44)
FNDA:0,(anonymous_45)
DA:37,1
DA:38,0
DA:39,0
DA:43,0
DA:44,0
DA:47,0
DA:48,0
DA:51,0
DA:54,0
DA:55,0
DA:56,0
DA:57,0
DA:58,0
DA:60,0
DA:61,0
DA:66,0
DA:78,1
DA:79,0
DA:81,0
DA:82,0
DA:83,0
DA:86,0
DA:87,0
DA:88,0
DA:89,0
DA:90,0
DA:97,0
DA:116,1
DA:122,0
DA:123,0
DA:126,0
DA:129,0
DA:136,0
DA:137,0
DA:144,0
DA:146,0
DA:147,0
DA:151,0
DA:159,0
DA:162,0
DA:163,0
DA:168,0
DA:169,0
DA:172,0
DA:173,0
DA:177,0
DA:181,0
DA:182,0
DA:188,0
DA:189,0
DA:193,0
DA:194,0
DA:198,0
DA:199,0
DA:203,0
DA:204,0
DA:208,0
DA:209,0
DA:215,0
DA:216,0
DA:218,0
DA:219,0
DA:232,0
DA:234,0
DA:235,0
DA:238,0
DA:239,0
DA:242,0
DA:243,0
DA:246,0
DA:247,0
DA:248,0
DA:252,0
DA:253,0
DA:255,0
DA:256,0
DA:260,0
DA:265,0
DA:266,0
DA:270,0
DA:273,0
DA:285,1
DA:291,0
DA:292,0
DA:296,0
DA:303,0
DA:304,0
DA:309,0
DA:310,0
DA:313,0
DA:314,0
DA:318,0
DA:322,0
DA:323,0
DA:330,0
DA:331,0
DA:332,0
DA:333,0
DA:337,0
DA:338,0
DA:339,0
DA:340,0
DA:346,0
DA:357,1
DA:363,0
DA:364,0
DA:368,0
DA:369,0
DA:372,0
DA:373,0
DA:377,0
DA:383,0
DA:384,0
DA:388,0
DA:390,0
DA:391,0
DA:395,0
DA:401,0
DA:404,0
DA:416,1
DA:417,0
DA:418,0
DA:422,0
DA:423,0
DA:426,0
DA:428,0
DA:431,0
DA:432,0
DA:435,0
DA:436,0
DA:437,0
DA:440,0
DA:441,0
DA:448,0
DA:457,1
DA:459,0
DA:462,0
DA:463,0
DA:466,0
DA:475,1
DA:476,0
DA:477,0
DA:480,0
DA:481,0
DA:482,0
DA:486,0
DA:488,0
DA:493,0
DA:496,0
DA:506,1
DA:507,0
DA:524,1
DA:531,0
DA:534,0
DA:536,0
DA:537,0
DA:540,0
DA:542,0
DA:543,0
DA:547,0
DA:550,0
DA:551,0
DA:554,0
DA:564,1
DA:565,0
DA:566,0
DA:570,0
DA:571,0
DA:573,0
DA:574,0
DA:575,0
DA:577,0
DA:582,0
DA:586,0
LF:174
LH:11
BRDA:38,0,0,0
BRDA:38,0,1,0
BRDA:38,1,0,0
BRDA:38,1,1,0
BRDA:38,1,2,0
BRDA:47,2,0,0
BRDA:47,2,1,0
BRDA:56,3,0,0
BRDA:56,3,1,0
BRDA:60,4,0,0
BRDA:60,4,1,0
BRDA:82,5,0,0
BRDA:82,5,1,0
BRDA:83,6,0,0
BRDA:83,6,1,0
BRDA:89,7,0,0
BRDA:89,7,1,0
BRDA:120,8,0,0
BRDA:122,9,0,0
BRDA:122,9,1,0
BRDA:122,10,0,0
BRDA:122,10,1,0
BRDA:122,10,2,0
BRDA:136,11,0,0
BRDA:136,11,1,0
BRDA:144,12,0,0
BRDA:144,12,1,0
BRDA:146,13,0,0
BRDA:146,13,1,0
BRDA:162,14,0,0
BRDA:162,14,1,0
BRDA:168,15,0,0
BRDA:168,15,1,0
BRDA:172,16,0,0
BRDA:172,16,1,0
BRDA:181,17,0,0
BRDA:181,17,1,0
BRDA:183,18,0,0
BRDA:183,18,1,0
BRDA:188,19,0,0
BRDA:188,19,1,0
BRDA:193,20,0,0
BRDA:193,20,1,0
BRDA:199,21,0,0
BRDA:199,21,1,0
BRDA:203,22,0,0
BRDA:203,22,1,0
BRDA:209,23,0,0
BRDA:209,23,1,0
BRDA:218,24,0,0
BRDA:218,24,1,0
BRDA:242,25,0,0
BRDA:242,25,1,0
BRDA:242,26,0,0
BRDA:242,26,1,0
BRDA:243,27,0,0
BRDA:243,27,1,0
BRDA:243,28,0,0
BRDA:243,28,1,0
BRDA:246,29,0,0
BRDA:246,29,1,0
BRDA:247,30,0,0
BRDA:247,30,1,0
BRDA:256,31,0,0
BRDA:256,31,1,0
BRDA:261,32,0,0
BRDA:261,32,1,0
BRDA:270,33,0,0
BRDA:270,33,1,0
BRDA:289,34,0,0
BRDA:291,35,0,0
BRDA:291,35,1,0
BRDA:291,36,0,0
BRDA:291,36,1,0
BRDA:291,36,2,0
BRDA:303,37,0,0
BRDA:303,37,1,0
BRDA:309,38,0,0
BRDA:309,38,1,0
BRDA:313,39,0,0
BRDA:313,39,1,0
BRDA:322,40,0,0
BRDA:322,40,1,0
BRDA:324,41,0,0
BRDA:324,41,1,0
BRDA:332,42,0,0
BRDA:332,42,1,0
BRDA:333,43,0,0
BRDA:333,43,1,0
BRDA:363,44,0,0
BRDA:363,44,1,0
BRDA:363,45,0,0
BRDA:363,45,1,0
BRDA:363,45,2,0
BRDA:369,46,0,0
BRDA:369,46,1,0
BRDA:372,47,0,0
BRDA:372,47,1,0
BRDA:383,48,0,0
BRDA:383,48,1,0
BRDA:390,49,0,0
BRDA:390,49,1,0
BRDA:417,50,0,0
BRDA:417,50,1,0
BRDA:417,51,0,0
BRDA:417,51,1,0
BRDA:417,51,2,0
BRDA:426,52,0,0
BRDA:426,52,1,0
BRDA:435,53,0,0
BRDA:435,53,1,0
BRDA:442,54,0,0
BRDA:442,54,1,0
BRDA:442,54,2,0
BRDA:459,55,0,0
BRDA:459,55,1,0
BRDA:462,56,0,0
BRDA:462,56,1,0
BRDA:462,57,0,0
BRDA:462,57,1,0
BRDA:481,58,0,0
BRDA:481,58,1,0
BRDA:508,59,0,0
BRDA:508,59,1,0
BRDA:508,59,2,0
BRDA:509,60,0,0
BRDA:509,60,1,0
BRDA:542,61,0,0
BRDA:542,61,1,0
BRDA:565,62,0,0
BRDA:565,62,1,0
BRDA:565,63,0,0
BRDA:565,63,1,0
BRDA:574,64,0,0
BRDA:574,64,1,0
BRF:135
BRH:0
end_of_record
TN:
SF:app/utils/bonus-product/common.js
FN:30,(anonymous_0)
FN:33,(anonymous_1)
FN:53,(anonymous_2)
FN:70,(anonymous_3)
FN:71,(anonymous_4)
FN:74,(anonymous_5)
FN:77,(anonymous_6)
FN:111,(anonymous_7)
FN:113,(anonymous_8)
FN:127,(anonymous_9)
FN:132,(anonymous_10)
FN:133,(anonymous_11)
FN:143,(anonymous_12)
FNF:13
FNH:0
FNDA:0,(anonymous_0)
FNDA:0,(anonymous_1)
FNDA:0,(anonymous_2)
FNDA:0,(anonymous_3)
FNDA:0,(anonymous_4)
FNDA:0,(anonymous_5)
FNDA:0,(anonymous_6)
FNDA:0,(anonymous_7)
FNDA:0,(anonymous_8)
FNDA:0,(anonymous_9)
FNDA:0,(anonymous_10)
FNDA:0,(anonymous_11)
FNDA:0,(anonymous_12)
DA:30,1
DA:31,0
DA:33,0
DA:34,0
DA:37,0
DA:53,1
DA:59,0
DA:60,0
DA:64,0
DA:65,0
DA:66,0
DA:69,0
DA:70,0
DA:71,0
DA:74,0
DA:76,0
DA:77,0
DA:80,0
DA:81,0
DA:86,0
DA:88,0
DA:90,0
DA:92,0
DA:94,0
DA:97,0
DA:98,0
DA:100,0
DA:101,0
DA:105,0
DA:108,0
DA:111,0
DA:112,0
DA:113,0
DA:116,0
DA:127,1
DA:128,0
DA:129,0
DA:132,0
DA:133,0
DA:143,1
DA:144,0
DA:145,0
DA:148,0
DA:149,0
DA:150,0
DA:155,0
LF:46
LH:4
BRDA:31,0,0,0
BRDA:31,0,1,0
BRDA:31,1,0,0
BRDA:31,1,1,0
BRDA:34,2,0,0
BRDA:34,2,1,0
BRDA:57,3,0,0
BRDA:59,4,0,0
BRDA:59,4,1,0
BRDA:59,5,0,0
BRDA:59,5,1,0
BRDA:59,5,2,0
BRDA:65,6,0,0
BRDA:65,6,1,0
BRDA:80,7,0,0
BRDA:80,7,1,0
BRDA:86,8,0,0
BRDA:86,8,1,0
BRDA:88,9,0,0
BRDA:88,9,1,0
BRDA:92,10,0,0
BRDA:92,10,1,0
BRDA:97,11,0,0
BRDA:97,11,1,0
BRDA:97,12,0,0
BRDA:97,12,1,0
BRDA:100,13,0,0
BRDA:100,13,1,0
BRDA:100,14,0,0
BRDA:100,14,1,0
BRDA:112,15,0,0
BRDA:112,15,1,0
BRDA:128,16,0,0
BRDA:128,16,1,0
BRDA:128,17,0,0
BRDA:128,17,1,0
BRDA:144,18,0,0
BRDA:144,18,1,0
BRDA:144,19,0,0
BRDA:144,19,1,0
BRDA:149,20,0,0
BRDA:149,20,1,0
BRF:42
BRH:0
end_of_record
TN:
SF:app/utils/bonus-product/discovery.js
FN:40,(anonymous_0)
FN:46,(anonymous_1)
FN:55,(anonymous_2)
FN:81,(anonymous_3)
FN:106,(anonymous_4)
FN:112,(anonymous_5)
FN:142,(anonymous_6)
FN:177,(anonymous_7)
FN:193,(anonymous_8)
FN:214,(anonymous_9)
FN:220,(anonymous_10)
FN:231,(anonymous_11)
FN:239,(anonymous_12)
FN:246,(anonymous_13)
FN:250,(anonymous_14)
FN:284,(anonymous_15)
FN:291,(anonymous_16)
FN:308,(anonymous_17)
FN:312,(anonymous_18)
FNF:19
FNH:0
FNDA:0,(anonymous_0)
FNDA:0,(anonymous_1)
FNDA:0,(anonymous_2)
FNDA:0,(anonymous_3)
FNDA:0,(anonymous_4)
FNDA:0,(anonymous_5)
FNDA:0,(anonymous_6)
FNDA:0,(anonymous_7)
FNDA:0,(anonymous_8)
FNDA:0,(anonymous_9)
FNDA:0,(anonymous_10)
FNDA:0,(anonymous_11)
FNDA:0,(anonymous_12)
FNDA:0,(anonymous_13)
FNDA:0,(anonymous_14)
FNDA:0,(anonymous_15)
FNDA:0,(anonymous_16)
FNDA:0,(anonymous_17)
FNDA:0,(anonymous_18)
DA:40,1
DA:41,0
DA:43,0
DA:45,0
DA:46,0
DA:47,0
DA:55,0
DA:56,0
DA:64,0
DA:81,1
DA:88,0
DA:89,0
DA:93,0
DA:100,0
DA:101,0
DA:106,0
DA:107,0
DA:111,0
DA:112,0
DA:113,0
DA:116,0
DA:119,0
DA:142,1
DA:149,0
DA:150,0
DA:159,0
DA:166,0
DA:167,0
DA:177,0
DA:178,0
DA:181,0
DA:182,0
DA:191,0
DA:193,0
DA:194,0
DA:196,0
DA:197,0
DA:205,0
DA:208,0
DA:209,0
DA:213,0
DA:215,0
DA:219,0
DA:220,0
DA:224,0
DA:228,0
DA:229,0
DA:231,0
DA:232,0
DA:233,0
DA:237,0
DA:239,0
DA:240,0
DA:244,0
DA:247,0
DA:250,0
DA:252,0
DA:258,0
DA:259,0
DA:263,0
DA:267,0
DA:284,1
DA:285,0
DA:286,0
DA:290,0
DA:291,0
DA:294,0
DA:295,0
DA:298,0
DA:301,0
DA:302,0
DA:306,0
DA:309,0
DA:312,0
DA:314,0
DA:317,0
DA:318,0
DA:322,0
LF:78
LH:4
BRDA:40,0,0,0
BRDA:43,1,0,0
BRDA:43,1,1,0
BRDA:45,2,0,0
BRDA:45,2,1,0
BRDA:85,3,0,0
BRDA:86,4,0,0
BRDA:88,5,0,0
BRDA:88,5,1,0
BRDA:88,6,0,0
BRDA:88,6,1,0
BRDA:88,6,2,0
BRDA:100,7,0,0
BRDA:100,7,1,0
BRDA:106,8,0,0
BRDA:106,8,1,0
BRDA:146,9,0,0
BRDA:147,10,0,0
BRDA:149,11,0,0
BRDA:149,11,1,0
BRDA:149,12,0,0
BRDA:149,12,1,0
BRDA:149,12,2,0
BRDA:166,13,0,0
BRDA:166,13,1,0
BRDA:177,14,0,0
BRDA:177,14,1,0
BRDA:181,15,0,0
BRDA:181,15,1,0
BRDA:196,16,0,0
BRDA:196,16,1,0
BRDA:208,17,0,0
BRDA:208,17,1,0
BRDA:213,18,0,0
BRDA:213,18,1,0
BRDA:215,19,0,0
BRDA:215,19,1,0
BRDA:220,20,0,0
BRDA:220,20,1,0
BRDA:240,21,0,0
BRDA:240,21,1,0
BRDA:244,22,0,0
BRDA:244,22,1,0
BRDA:247,23,0,0
BRDA:247,23,1,0
BRDA:250,24,0,0
BRDA:250,24,1,0
BRDA:258,25,0,0
BRDA:258,25,1,0
BRDA:285,26,0,0
BRDA:285,26,1,0
BRDA:285,27,0,0
BRDA:285,27,1,0
BRDA:294,28,0,0
BRDA:294,28,1,0
BRDA:302,29,0,0
BRDA:302,29,1,0
BRDA:306,30,0,0
BRDA:306,30,1,0
BRDA:309,31,0,0
BRDA:309,31,1,0
BRDA:312,32,0,0
BRDA:312,32,1,0
BRDA:317,33,0,0
BRDA:317,33,1,0
BRF:65
BRH:0
end_of_record
TN:
SF:app/utils/bonus-product/hooks.js
FN:49,(anonymous_0)
FN:66,(anonymous_1)
FN:67,(anonymous_2)
FN:87,(anonymous_3)
FN:89,(anonymous_4)
FN:103,(anonymous_5)
FN:106,(anonymous_6)
FN:116,(anonymous_7)
FN:119,(anonymous_8)
FN:120,(anonymous_9)
FN:136,(anonymous_10)
FN:154,(anonymous_11)
FN:165,(anonymous_12)
FN:166,(anonymous_13)
FN:169,(anonymous_14)
FN:170,(anonymous_15)
FN:182,(anonymous_16)
FN:205,(anonymous_17)
FN:241,(anonymous_18)
FN:264,(anonymous_19)
FN:302,(anonymous_20)
FN:304,(anonymous_21)
FNF:22
FNH:6
FNDA:0,(anonymous_0)
FNDA:0,(anonymous_1)
FNDA:0,(anonymous_2)
FNDA:19,(anonymous_3)
FNDA:3,(anonymous_4)
FNDA:0,(anonymous_5)
FNDA:0,(anonymous_6)
FNDA:7,(anonymous_7)
FNDA:0,(anonymous_8)
FNDA:0,(anonymous_9)
FNDA:7,(anonymous_10)
FNDA:0,(anonymous_11)
FNDA:13,(anonymous_12)
FNDA:13,(anonymous_13)
FNDA:0,(anonymous_14)
FNDA:0,(anonymous_15)
FNDA:0,(anonymous_16)
FNDA:0,(anonymous_17)
FNDA:0,(anonymous_18)
FNDA:0,(anonymous_19)
FNDA:0,(anonymous_20)
FNDA:0,(anonymous_21)
DA:26,1
DA:49,1
DA:50,0
DA:65,0
DA:66,0
DA:67,0
DA:69,0
DA:87,1
DA:89,19
DA:90,19
DA:92,19
DA:105,0
DA:107,0
DA:108,0
DA:116,19
DA:117,7
DA:119,0
DA:120,0
DA:128,19
DA:131,19
DA:136,19
DA:137,7
DA:138,7
DA:140,0
DA:146,19
DA:147,19
DA:149,19
DA:154,0
DA:165,1
DA:166,13
DA:167,13
DA:169,0
DA:170,0
DA:182,1
DA:183,0
DA:189,0
DA:192,0
DA:196,0
DA:205,0
DA:206,0
DA:207,0
DA:209,0
DA:215,0
DA:226,0
DA:228,0
DA:241,1
DA:242,0
DA:248,0
DA:251,0
DA:255,0
DA:264,0
DA:265,0
DA:266,0
DA:268,0
DA:274,0
DA:285,0
DA:287,0
DA:302,1
DA:304,0
DA:305,0
DA:308,0
LF:61
LH:22
BRDA:65,0,0,0
BRDA:65,0,1,0
BRDA:74,1,0,0
BRDA:74,1,1,0
BRDA:89,2,0,19
BRDA:89,2,1,16
BRDA:106,3,0,0
BRDA:106,3,1,0
BRDA:118,4,0,7
BRDA:118,4,1,7
BRDA:128,5,0,19
BRDA:128,5,1,19
BRDA:137,6,0,7
BRDA:137,6,1,0
BRDA:137,7,0,7
BRDA:137,7,1,0
BRDA:147,8,0,19
BRDA:147,8,1,19
BRDA:147,8,2,0
BRDA:150,9,0,19
BRDA:150,9,1,19
BRDA:153,10,0,19
BRDA:153,10,1,19
BRDA:154,11,0,0
BRDA:154,11,1,0
BRDA:168,12,0,13
BRDA:168,12,1,0
BRDA:197,13,0,0
BRDA:197,13,1,0
BRDA:206,14,0,0
BRDA:206,14,1,0
BRDA:206,15,0,0
BRDA:206,15,1,0
BRDA:206,15,2,0
BRDA:215,16,0,0
BRDA:215,16,1,0
BRDA:215,17,0,0
BRDA:215,17,1,0
BRDA:226,18,0,0
BRDA:226,18,1,0
BRDA:226,18,2,0
BRDA:231,19,0,0
BRDA:231,19,1,0
BRDA:256,20,0,0
BRDA:256,20,1,0
BRDA:265,21,0,0
BRDA:265,21,1,0
BRDA:265,22,0,0
BRDA:265,22,1,0
BRDA:265,22,2,0
BRDA:274,23,0,0
BRDA:274,23,1,0
BRDA:274,24,0,0
BRDA:274,24,1,0
BRDA:285,25,0,0
BRDA:285,25,1,0
BRDA:285,25,2,0
BRDA:290,26,0,0
BRDA:290,26,1,0
BRF:59
BRH:15
end_of_record
TN:
SF:app/utils/bonus-product/index.js
FNF:0
FNH:0
LF:0
LH:0
BRF:0
BRH:0
end_of_record
TN:
SF:app/utils/bonus-product/utils.js
FNF:0
FNH:0
LF:0
LH:0
BRF:0
BRH:0
end_of_record
